[debug] [2021-02-17T16:43:16.236Z] ----------------------------------------------------------------------
[debug] [2021-02-17T16:43:16.238Z] Command:       /home/isaboll1/.nvm/versions/node/v14.15.4/bin/node /home/isaboll1/.nvm/versions/node/v14.15.4/bin/firebase emulators:start
[debug] [2021-02-17T16:43:16.238Z] CLI Version:   9.2.2
[debug] [2021-02-17T16:43:16.239Z] Platform:      linux
[debug] [2021-02-17T16:43:16.239Z] Node Version:  v14.15.4
[debug] [2021-02-17T16:43:16.239Z] Time:          Wed Feb 17 2021 11:43:16 GMT-0500 (Eastern Standard Time)
[debug] [2021-02-17T16:43:16.239Z] ----------------------------------------------------------------------
[debug] [2021-02-17T16:43:16.239Z] 
[debug] [2021-02-17T16:43:16.245Z] > command requires scopes: ["email","openid","https://www.googleapis.com/auth/cloudplatformprojects.readonly","https://www.googleapis.com/auth/firebase","https://www.googleapis.com/auth/cloud-platform"]
[debug] [2021-02-17T16:43:16.245Z] > authorizing via signed-in user
[info] i  emulators: Starting emulators: auth, functions, firestore, database, hosting, pubsub {"metadata":{"emulator":{"name":"hub"},"message":"Starting emulators: auth, functions, firestore, database, hosting, pubsub"}}
[debug] [2021-02-17T16:43:16.273Z] [hub] writing locator at /tmp/hub-cease-project-a8f4b.json
[warn] ⚠  Your requested "node" version "12" doesn't match your global version "14" {"metadata":{"emulator":{"name":"functions"},"message":"Your requested \"node\" version \"12\" doesn't match your global version \"14\""}}
[debug] [2021-02-17T16:43:16.309Z] defaultcredentials: writing to file /home/isaboll1/.config/firebase/isaboll12_gmail_com_application_default_credentials.json
[debug] [2021-02-17T16:43:16.310Z] Setting GAC to /home/isaboll1/.config/firebase/isaboll12_gmail_com_application_default_credentials.json {"metadata":{"emulator":{"name":"functions"},"message":"Setting GAC to /home/isaboll1/.config/firebase/isaboll12_gmail_com_application_default_credentials.json"}}
[debug] [2021-02-17T16:43:16.313Z] > refreshing access token with scopes: []
[debug] [2021-02-17T16:43:16.314Z] >>> HTTP REQUEST POST https://www.googleapis.com/oauth2/v3/token  
 <request body omitted>
[debug] [2021-02-17T16:43:16.407Z] <<< HTTP RESPONSE 200 {"pragma":"no-cache","expires":"Mon, 01 Jan 1990 00:00:00 GMT","cache-control":"no-cache, no-store, max-age=0, must-revalidate","date":"Wed, 17 Feb 2021 16:43:16 GMT","content-type":"application/json; charset=utf-8","vary":"X-Origin, Referer, Origin,Accept-Encoding","server":"scaffolding on HTTPServer2","x-xss-protection":"0","x-frame-options":"SAMEORIGIN","x-content-type-options":"nosniff","alt-svc":"h3-29=\":443\"; ma=2592000,h3-T051=\":443\"; ma=2592000,h3-Q050=\":443\"; ma=2592000,h3-Q046=\":443\"; ma=2592000,h3-Q043=\":443\"; ma=2592000,quic=\":443\"; ma=2592000; v=\"46,43\"","accept-ranges":"none","transfer-encoding":"chunked"}
[debug] [2021-02-17T16:43:16.417Z] >>> [apiv2][query] GET https://firebase.googleapis.com/v1beta1/projects/cease-project-a8f4b/adminSdkConfig [none]
[debug] [2021-02-17T16:43:16.655Z] <<< [apiv2][status] GET https://firebase.googleapis.com/v1beta1/projects/cease-project-a8f4b/adminSdkConfig 200
[debug] [2021-02-17T16:43:16.656Z] <<< [apiv2][body] GET https://firebase.googleapis.com/v1beta1/projects/cease-project-a8f4b/adminSdkConfig {"projectId":"cease-project-a8f4b","databaseURL":"https://cease-project-a8f4b-default-rtdb.firebaseio.com","storageBucket":"cease-project-a8f4b.appspot.com","locationId":"us-central"}
[debug] [2021-02-17T16:43:16.681Z] Ignoring unsupported arg: projectId {"metadata":{"emulator":{"name":"firestore"},"message":"Ignoring unsupported arg: projectId"}}
[debug] [2021-02-17T16:43:16.682Z] Ignoring unsupported arg: auto_download {"metadata":{"emulator":{"name":"firestore"},"message":"Ignoring unsupported arg: auto_download"}}
[debug] [2021-02-17T16:43:16.682Z] Starting Firestore Emulator with command {"binary":"java","args":["-Dgoogle.cloud_firestore.debug_log_level=FINE","-Duser.language=en","-jar","/home/isaboll1/.cache/firebase/emulators/cloud-firestore-emulator-v1.11.12.jar","--host","localhost","--port",8080,"--rules","/home/isaboll1/Documents/CEASE-Website/firestore.rules","--functions_emulator","localhost:5001"],"optionalArgs":["port","webchannel_port","host","rules","functions_emulator","seed_from_export"],"joinArgs":false} {"metadata":{"emulator":{"name":"firestore"},"message":"Starting Firestore Emulator with command {\"binary\":\"java\",\"args\":[\"-Dgoogle.cloud_firestore.debug_log_level=FINE\",\"-Duser.language=en\",\"-jar\",\"/home/isaboll1/.cache/firebase/emulators/cloud-firestore-emulator-v1.11.12.jar\",\"--host\",\"localhost\",\"--port\",8080,\"--rules\",\"/home/isaboll1/Documents/CEASE-Website/firestore.rules\",\"--functions_emulator\",\"localhost:5001\"],\"optionalArgs\":[\"port\",\"webchannel_port\",\"host\",\"rules\",\"functions_emulator\",\"seed_from_export\"],\"joinArgs\":false}"}}
[info] i  firestore: Firestore Emulator logging to firestore-debug.log {"metadata":{"emulator":{"name":"firestore"},"message":"Firestore Emulator logging to \u001b[1mfirestore-debug.log\u001b[22m"}}
[debug] [2021-02-17T16:43:17.722Z] API endpoint: http:// {"metadata":{"emulator":{"name":"firestore"},"message":"API endpoint: http://"}}
[debug] [2021-02-17T16:43:17.723Z] localhost:8080
If you are using a library that supports the FIRESTORE_EMULATOR_HOST environment variable, run:

   export FIRESTORE_EMULATOR_HOST=localhost:8080

Dev App Server is now running.

 {"metadata":{"emulator":{"name":"firestore"},"message":"localhost:8080\nIf you are using a library that supports the FIRESTORE_EMULATOR_HOST environment variable, run:\n\n   export FIRESTORE_EMULATOR_HOST=localhost:8080\n\nDev App Server is now running.\n\n"}}
[debug] [2021-02-17T16:43:17.954Z] database rules config:  [{"instance":"cease-project-a8f4b","rules":"/home/isaboll1/Documents/CEASE-Website/database.rules.json"}]
[debug] [2021-02-17T16:43:17.956Z] Ignoring unsupported arg: projectId {"metadata":{"emulator":{"name":"database"},"message":"Ignoring unsupported arg: projectId"}}
[debug] [2021-02-17T16:43:17.957Z] Ignoring unsupported arg: auto_download {"metadata":{"emulator":{"name":"database"},"message":"Ignoring unsupported arg: auto_download"}}
[debug] [2021-02-17T16:43:17.957Z] Ignoring unsupported arg: rules {"metadata":{"emulator":{"name":"database"},"message":"Ignoring unsupported arg: rules"}}
[debug] [2021-02-17T16:43:17.957Z] Starting Database Emulator with command {"binary":"java","args":["-Duser.language=en","-jar","/home/isaboll1/.cache/firebase/emulators/firebase-database-emulator-v4.7.2.jar","--host","localhost","--port",9000,"--functions_emulator_host","localhost","--functions_emulator_port",5001],"optionalArgs":["port","host","functions_emulator_port","functions_emulator_host"],"joinArgs":false} {"metadata":{"emulator":{"name":"database"},"message":"Starting Database Emulator with command {\"binary\":\"java\",\"args\":[\"-Duser.language=en\",\"-jar\",\"/home/isaboll1/.cache/firebase/emulators/firebase-database-emulator-v4.7.2.jar\",\"--host\",\"localhost\",\"--port\",9000,\"--functions_emulator_host\",\"localhost\",\"--functions_emulator_port\",5001],\"optionalArgs\":[\"port\",\"host\",\"functions_emulator_port\",\"functions_emulator_host\"],\"joinArgs\":false}"}}
[info] i  database: Database Emulator logging to database-debug.log {"metadata":{"emulator":{"name":"database"},"message":"Database Emulator logging to \u001b[1mdatabase-debug.log\u001b[22m"}}
[debug] [2021-02-17T16:43:18.610Z] WARNING: An illegal reflective access operation has occurred
WARNING: Illegal reflective access by io.netty.util.internal.ReflectionUtil (file:/home/isaboll1/.cache/firebase/emulators/firebase-database-emulator-v4.7.2.jar) to field sun.nio.ch.SelectorImpl.selectedKeys
WARNING: Please consider reporting this to the maintainers of io.netty.util.internal.ReflectionUtil
WARNING: Use --illegal-access=warn to enable warnings of further illegal reflective access operations
WARNING: All illegal access operations will be denied in a future release
 {"metadata":{"emulator":{"name":"database"},"message":"WARNING: An illegal reflective access operation has occurred\nWARNING: Illegal reflective access by io.netty.util.internal.ReflectionUtil (file:/home/isaboll1/.cache/firebase/emulators/firebase-database-emulator-v4.7.2.jar) to field sun.nio.ch.SelectorImpl.selectedKeys\nWARNING: Please consider reporting this to the maintainers of io.netty.util.internal.ReflectionUtil\nWARNING: Use --illegal-access=warn to enable warnings of further illegal reflective access operations\nWARNING: All illegal access operations will be denied in a future release\n"}}
[debug] [2021-02-17T16:43:19.389Z] 11:43:19.388 [NamespaceSystem-akka.actor.default-dispatcher-4] INFO akka.event.slf4j.Slf4jLogger - Slf4jLogger started
 {"metadata":{"emulator":{"name":"database"},"message":"11:43:19.388 [NamespaceSystem-akka.actor.default-dispatcher-4] INFO akka.event.slf4j.Slf4jLogger - Slf4jLogger started\n"}}
[debug] [2021-02-17T16:43:19.541Z] 11:43:19.541 [main] INFO com.firebase.server.forge.App$ - Listening at localhost:9000
 {"metadata":{"emulator":{"name":"database"},"message":"11:43:19.541 [main] INFO com.firebase.server.forge.App$ - Listening at localhost:9000\n"}}
[debug] [2021-02-17T16:43:22.496Z] Ignoring unsupported arg: projectId {"metadata":{"emulator":{"name":"pubsub"},"message":"Ignoring unsupported arg: projectId"}}
[debug] [2021-02-17T16:43:22.496Z] Ignoring unsupported arg: auto_download {"metadata":{"emulator":{"name":"pubsub"},"message":"Ignoring unsupported arg: auto_download"}}
[debug] [2021-02-17T16:43:22.497Z] Starting Pub/Sub Emulator with command {"binary":"/home/isaboll1/.cache/firebase/emulators/pubsub-emulator-0.1.0/pubsub-emulator/bin/cloud-pubsub-emulator","args":["--host=localhost","--port=8085"],"optionalArgs":["port","host"],"joinArgs":true} {"metadata":{"emulator":{"name":"pubsub"},"message":"Starting Pub/Sub Emulator with command {\"binary\":\"/home/isaboll1/.cache/firebase/emulators/pubsub-emulator-0.1.0/pubsub-emulator/bin/cloud-pubsub-emulator\",\"args\":[\"--host=localhost\",\"--port=8085\"],\"optionalArgs\":[\"port\",\"host\"],\"joinArgs\":true}"}}
[info] i  pubsub: Pub/Sub Emulator logging to pubsub-debug.log {"metadata":{"emulator":{"name":"pubsub"},"message":"Pub/Sub Emulator logging to \u001b[1mpubsub-debug.log\u001b[22m"}}
[debug] [2021-02-17T16:43:22.629Z] This is the Google Pub/Sub fake.
Implementation may be incomplete or differ from the real system.
 {"metadata":{"emulator":{"name":"pubsub"},"message":"This is the Google Pub/Sub fake.\nImplementation may be incomplete or differ from the real system.\n"}}
[debug] [2021-02-17T16:43:22.675Z] Feb 17, 2021 11:43:22 AM com.google.cloud.pubsub.testing.v1.Main main
INFO: IAM integration is disabled. IAM policy methods and ACL checks are not supported
 {"metadata":{"emulator":{"name":"pubsub"},"message":"Feb 17, 2021 11:43:22 AM com.google.cloud.pubsub.testing.v1.Main main\nINFO: IAM integration is disabled. IAM policy methods and ACL checks are not supported\n"}}
[debug] [2021-02-17T16:43:23.087Z] Feb 17, 2021 11:43:23 AM io.gapi.emulators.netty.NettyUtil applyJava7LongHostnameWorkaround
INFO: Applied Java 7 long hostname workaround.
 {"metadata":{"emulator":{"name":"pubsub"},"message":"Feb 17, 2021 11:43:23 AM io.gapi.emulators.netty.NettyUtil applyJava7LongHostnameWorkaround\nINFO: Applied Java 7 long hostname workaround.\n"}}
[debug] [2021-02-17T16:43:23.148Z] Feb 17, 2021 11:43:23 AM com.google.cloud.pubsub.testing.v1.Main main
INFO: Server started, listening on 8085
 {"metadata":{"emulator":{"name":"pubsub"},"message":"Feb 17, 2021 11:43:23 AM com.google.cloud.pubsub.testing.v1.Main main\nINFO: Server started, listening on 8085\n"}}
[debug] [2021-02-17T16:43:23.265Z] >>> [apiv2][query] GET https://firebase.googleapis.com/v1beta1/projects/cease-project-a8f4b/webApps/-/config [none]
[debug] [2021-02-17T16:43:23.355Z] Feb 17, 2021 11:43:23 AM io.gapi.emulators.grpc.GrpcServer$3 operationComplete
INFO: Adding handler(s) to newly registered Channel.
 {"metadata":{"emulator":{"name":"pubsub"},"message":"Feb 17, 2021 11:43:23 AM io.gapi.emulators.grpc.GrpcServer$3 operationComplete\nINFO: Adding handler(s) to newly registered Channel.\n"}}
[debug] [2021-02-17T16:43:23.612Z] <<< [apiv2][status] GET https://firebase.googleapis.com/v1beta1/projects/cease-project-a8f4b/webApps/-/config 200
[debug] [2021-02-17T16:43:23.612Z] <<< [apiv2][body] GET https://firebase.googleapis.com/v1beta1/projects/cease-project-a8f4b/webApps/-/config {"projectId":"cease-project-a8f4b","appId":"1:1034440275219:web:1ca12eb0814506255b96e6","databaseURL":"https://cease-project-a8f4b-default-rtdb.firebaseio.com","storageBucket":"cease-project-a8f4b.appspot.com","locationId":"us-central","apiKey":"AIzaSyCNPviD4GfavFjtM63k09WXyaI5uQA-KPM","authDomain":"cease-project-a8f4b.firebaseapp.com","messagingSenderId":"1034440275219","measurementId":"G-SKE8F2M7ZV"}
[info] i  hosting: Serving hosting files from: public {"metadata":{"emulator":{"name":"hosting"},"message":"Serving hosting files from: \u001b[1mpublic\u001b[22m"}}
[info] ✔  hosting: Local server: http://localhost:5000 {"metadata":{"emulator":{"name":"hosting"},"message":"Local server: \u001b[4m\u001b[1mhttp://localhost:5000\u001b[22m\u001b[24m"}}
[debug] [2021-02-17T16:43:23.652Z] Ignoring unsupported arg: auto_download {"metadata":{"emulator":{"name":"ui"},"message":"Ignoring unsupported arg: auto_download"}}
[debug] [2021-02-17T16:43:23.652Z] Ignoring unsupported arg: port {"metadata":{"emulator":{"name":"ui"},"message":"Ignoring unsupported arg: port"}}
[debug] [2021-02-17T16:43:23.652Z] Starting Emulator UI with command {"binary":"node","args":["/home/isaboll1/.cache/firebase/emulators/ui-v1.4.1/server.bundle.js"],"optionalArgs":[],"joinArgs":false} {"metadata":{"emulator":{"name":"ui"},"message":"Starting Emulator UI with command {\"binary\":\"node\",\"args\":[\"/home/isaboll1/.cache/firebase/emulators/ui-v1.4.1/server.bundle.js\"],\"optionalArgs\":[],\"joinArgs\":false}"}}
[info] i  ui: Emulator UI logging to ui-debug.log {"metadata":{"emulator":{"name":"ui"},"message":"Emulator UI logging to \u001b[1mui-debug.log\u001b[22m"}}
[debug] [2021-02-17T16:43:23.752Z] Web / API server started at http://localhost:4000
 {"metadata":{"emulator":{"name":"ui"},"message":"Web / API server started at http://localhost:4000\n"}}
[info] i  functions: Watching "/home/isaboll1/Documents/CEASE-Website/functions" for Cloud Functions... {"metadata":{"emulator":{"name":"functions"},"message":"Watching \"/home/isaboll1/Documents/CEASE-Website/functions\" for Cloud Functions..."}}
[debug] [2021-02-17T16:43:23.946Z] [worker-pool] addWorker(~diagnostic~) {"metadata":{"emulator":{"name":"functions"},"message":"[worker-pool] addWorker(~diagnostic~)"}}
[debug] [2021-02-17T16:43:23.947Z] [worker-pool] Adding worker with key ~diagnostic~, total=1 {"metadata":{"emulator":{"name":"functions"},"message":"[worker-pool] Adding worker with key ~diagnostic~, total=1"}}
[debug] [2021-02-17T16:43:23.948Z] [worker-pool] submitWork(triggerId=) {"metadata":{"emulator":{"name":"functions"},"message":"[worker-pool] submitWork(triggerId=)"}}
[debug] [2021-02-17T16:43:23.948Z] [worker-~diagnostic~-e55633ce-4c35-4072-9788-a1aace801d7e]: Assigning socketPath: /tmp/fire_emu_25292.sock {"metadata":{"emulator":{"name":"functions"},"message":"[worker-~diagnostic~-e55633ce-4c35-4072-9788-a1aace801d7e]: Assigning socketPath: /tmp/fire_emu_25292.sock"}}
[debug] [2021-02-17T16:43:23.949Z] [worker-~diagnostic~-e55633ce-4c35-4072-9788-a1aace801d7e]: BUSY {"metadata":{"emulator":{"name":"functions"},"message":"[worker-~diagnostic~-e55633ce-4c35-4072-9788-a1aace801d7e]: BUSY"}}
[debug] [2021-02-17T16:43:24.082Z] [runtime-status] [25292] Functions runtime initialized. {"cwd":"/home/isaboll1/Documents/CEASE-Website/functions","node_version":"14.15.4"} {"metadata":{"emulator":{"name":"functions"},"message":"[runtime-status] [25292] Functions runtime initialized. {\"cwd\":\"/home/isaboll1/Documents/CEASE-Website/functions\",\"node_version\":\"14.15.4\"}"}}
[debug] [2021-02-17T16:43:24.083Z] [runtime-status] [25292] Disabled runtime features: undefined {"metadata":{"emulator":{"name":"functions"},"message":"[runtime-status] [25292] Disabled runtime features: undefined"}}
[debug] [2021-02-17T16:43:24.085Z] [runtime-status] [25292] Resolved module firebase-admin {"declared":true,"installed":true,"version":"9.5.0","resolution":"/home/isaboll1/Documents/CEASE-Website/functions/node_modules/firebase-admin/lib/index.js"} {"metadata":{"emulator":{"name":"functions"},"message":"[runtime-status] [25292] Resolved module firebase-admin {\"declared\":true,\"installed\":true,\"version\":\"9.5.0\",\"resolution\":\"/home/isaboll1/Documents/CEASE-Website/functions/node_modules/firebase-admin/lib/index.js\"}"}}
[debug] [2021-02-17T16:43:24.086Z] [runtime-status] [25292] Resolved module firebase-functions {"declared":true,"installed":true,"version":"3.13.1","resolution":"/home/isaboll1/Documents/CEASE-Website/functions/node_modules/firebase-functions/lib/index.js"} {"metadata":{"emulator":{"name":"functions"},"message":"[runtime-status] [25292] Resolved module firebase-functions {\"declared\":true,\"installed\":true,\"version\":\"3.13.1\",\"resolution\":\"/home/isaboll1/Documents/CEASE-Website/functions/node_modules/firebase-functions/lib/index.js\"}"}}
[debug] [2021-02-17T16:43:24.087Z] [runtime-status] [25292] Resolved module firebase-functions {"declared":true,"installed":true,"version":"3.13.1","resolution":"/home/isaboll1/Documents/CEASE-Website/functions/node_modules/firebase-functions/lib/index.js"} {"metadata":{"emulator":{"name":"functions"},"message":"[runtime-status] [25292] Resolved module firebase-functions {\"declared\":true,\"installed\":true,\"version\":\"3.13.1\",\"resolution\":\"/home/isaboll1/Documents/CEASE-Website/functions/node_modules/firebase-functions/lib/index.js\"}"}}
[debug] [2021-02-17T16:43:24.087Z] [runtime-status] [25292] Set PUBSUB_EMULATOR_HOST to localhost:8085 {"metadata":{"emulator":{"name":"functions"},"message":"[runtime-status] [25292] Set PUBSUB_EMULATOR_HOST to localhost:8085"}}
[debug] [2021-02-17T16:43:24.089Z] [runtime-status] [25292] Outgoing network have been stubbed. [{"name":"http","status":"mocked"},{"name":"http","status":"mocked"},{"name":"https","status":"mocked"},{"name":"https","status":"mocked"},{"name":"net","status":"mocked"}] {"metadata":{"emulator":{"name":"functions"},"message":"[runtime-status] [25292] Outgoing network have been stubbed. [{\"name\":\"http\",\"status\":\"mocked\"},{\"name\":\"http\",\"status\":\"mocked\"},{\"name\":\"https\",\"status\":\"mocked\"},{\"name\":\"https\",\"status\":\"mocked\"},{\"name\":\"net\",\"status\":\"mocked\"}]"}}
[debug] [2021-02-17T16:43:24.089Z] [runtime-status] [25292] Resolved module firebase-functions {"declared":true,"installed":true,"version":"3.13.1","resolution":"/home/isaboll1/Documents/CEASE-Website/functions/node_modules/firebase-functions/lib/index.js"} {"metadata":{"emulator":{"name":"functions"},"message":"[runtime-status] [25292] Resolved module firebase-functions {\"declared\":true,\"installed\":true,\"version\":\"3.13.1\",\"resolution\":\"/home/isaboll1/Documents/CEASE-Website/functions/node_modules/firebase-functions/lib/index.js\"}"}}
[debug] [2021-02-17T16:43:24.124Z] [runtime-status] [25292] Checked functions.config() {"config":{}} {"metadata":{"emulator":{"name":"functions"},"message":"[runtime-status] [25292] Checked functions.config() {\"config\":{}}"}}
[debug] [2021-02-17T16:43:24.124Z] [runtime-status] [25292] firebase-functions has been stubbed. {"functionsResolution":{"declared":true,"installed":true,"version":"3.13.1","resolution":"/home/isaboll1/Documents/CEASE-Website/functions/node_modules/firebase-functions/lib/index.js"}} {"metadata":{"emulator":{"name":"functions"},"message":"[runtime-status] [25292] firebase-functions has been stubbed. {\"functionsResolution\":{\"declared\":true,\"installed\":true,\"version\":\"3.13.1\",\"resolution\":\"/home/isaboll1/Documents/CEASE-Website/functions/node_modules/firebase-functions/lib/index.js\"}}"}}
[debug] [2021-02-17T16:43:24.125Z] [runtime-status] [25292] Resolved module firebase-functions {"declared":true,"installed":true,"version":"3.13.1","resolution":"/home/isaboll1/Documents/CEASE-Website/functions/node_modules/firebase-functions/lib/index.js"} {"metadata":{"emulator":{"name":"functions"},"message":"[runtime-status] [25292] Resolved module firebase-functions {\"declared\":true,\"installed\":true,\"version\":\"3.13.1\",\"resolution\":\"/home/isaboll1/Documents/CEASE-Website/functions/node_modules/firebase-functions/lib/index.js\"}"}}
[debug] [2021-02-17T16:43:24.125Z] [runtime-status] [25292] Resolved module firebase-admin {"declared":true,"installed":true,"version":"9.5.0","resolution":"/home/isaboll1/Documents/CEASE-Website/functions/node_modules/firebase-admin/lib/index.js"} {"metadata":{"emulator":{"name":"functions"},"message":"[runtime-status] [25292] Resolved module firebase-admin {\"declared\":true,\"installed\":true,\"version\":\"9.5.0\",\"resolution\":\"/home/isaboll1/Documents/CEASE-Website/functions/node_modules/firebase-admin/lib/index.js\"}"}}
[debug] [2021-02-17T16:43:24.125Z] [runtime-status] [25292] Resolved module firebase-functions {"declared":true,"installed":true,"version":"3.13.1","resolution":"/home/isaboll1/Documents/CEASE-Website/functions/node_modules/firebase-functions/lib/index.js"} {"metadata":{"emulator":{"name":"functions"},"message":"[runtime-status] [25292] Resolved module firebase-functions {\"declared\":true,\"installed\":true,\"version\":\"3.13.1\",\"resolution\":\"/home/isaboll1/Documents/CEASE-Website/functions/node_modules/firebase-functions/lib/index.js\"}"}}
[debug] [2021-02-17T16:43:24.126Z] [runtime-status] [25292] firebase-admin has been stubbed. {"adminResolution":{"declared":true,"installed":true,"version":"9.5.0","resolution":"/home/isaboll1/Documents/CEASE-Website/functions/node_modules/firebase-admin/lib/index.js"}} {"metadata":{"emulator":{"name":"functions"},"message":"[runtime-status] [25292] firebase-admin has been stubbed. {\"adminResolution\":{\"declared\":true,\"installed\":true,\"version\":\"9.5.0\",\"resolution\":\"/home/isaboll1/Documents/CEASE-Website/functions/node_modules/firebase-admin/lib/index.js\"}}"}}
[debug] [2021-02-17T16:43:24.127Z] [runtime-status] [25292] initializeApp(DEFAULT) {"credential":{"implicit":true,"refreshToken":{"clientId":"563584335869-fgrhgmd47bqnekij5i8b5pr03ho849e6.apps.googleusercontent.com","clientSecret":"j9iVZfS8kkCEFUPaAeJV0sAi","refreshToken":"1//0d8eu_fKj9AKOCgYIARAAGA0SNwF-L9IrR1QHZ6n7XaSehsgbUtb1NqK9Gv2SVVR33eA4MUoMRRGnVsDY3vWyJwT84D1hOs3KN0Y","type":"authorized_user"},"httpClient":{"retry":{"maxRetries":4,"statusCodes":[503],"ioErrorCodes":["ECONNRESET","ETIMEDOUT"],"backOffFactor":0.5,"maxDelayInMillis":60000}}},"databaseURL":"https://cease-project-a8f4b-default-rtdb.firebaseio.com"} {"metadata":{"emulator":{"name":"functions"},"message":"[runtime-status] [25292] initializeApp(DEFAULT) {\"credential\":{\"implicit\":true,\"refreshToken\":{\"clientId\":\"563584335869-fgrhgmd47bqnekij5i8b5pr03ho849e6.apps.googleusercontent.com\",\"clientSecret\":\"j9iVZfS8kkCEFUPaAeJV0sAi\",\"refreshToken\":\"1//0d8eu_fKj9AKOCgYIARAAGA0SNwF-L9IrR1QHZ6n7XaSehsgbUtb1NqK9Gv2SVVR33eA4MUoMRRGnVsDY3vWyJwT84D1hOs3KN0Y\",\"type\":\"authorized_user\"},\"httpClient\":{\"retry\":{\"maxRetries\":4,\"statusCodes\":[503],\"ioErrorCodes\":[\"ECONNRESET\",\"ETIMEDOUT\"],\"backOffFactor\":0.5,\"maxDelayInMillis\":60000}}},\"databaseURL\":\"https://cease-project-a8f4b-default-rtdb.firebaseio.com\"}"}}
[debug] [2021-02-17T16:43:24.154Z] [runtime-status] [25292] auth.setJwtVerificationEnabled not available {"metadata":{"emulator":{"name":"functions"},"message":"[runtime-status] [25292] auth.setJwtVerificationEnabled not available"}}
[info] ✔  functions[verifyUnusedCode]: http function initialized (http://localhost:5001/cease-project-a8f4b/us-central1/verifyUnusedCode). {"metadata":{"emulator":{"name":"functions"},"message":"\u001b[1mhttp\u001b[22m function initialized (http://localhost:5001/cease-project-a8f4b/us-central1/verifyUnusedCode)."}}
[debug] [2021-02-17T16:43:24.307Z] addAuthTrigger {"eventTrigger":{"resource":"projects/cease-project-a8f4b","eventType":"providers/firebase.auth/eventTypes/user.create","service":"firebaseauth.googleapis.com"}}
[info] ✔  functions[userSignUp]: auth function initialized. {"metadata":{"emulator":{"name":"functions"},"message":"\u001b[1mauth\u001b[22m function initialized."}}
[debug] [2021-02-17T16:43:24.308Z] addAuthTrigger {"eventTrigger":{"resource":"projects/cease-project-a8f4b","eventType":"providers/firebase.auth/eventTypes/user.delete","service":"firebaseauth.googleapis.com"}}
[info] ✔  functions[userDeleted]: auth function initialized. {"metadata":{"emulator":{"name":"functions"},"message":"\u001b[1mauth\u001b[22m function initialized."}}
[debug] [2021-02-17T16:43:24.309Z] >>> HTTP REQUEST PUT http://localhost:9000/.settings/rules.json?ns=cease-project-a8f4b  
 {
  "rules": {
    ".read": "now < 1614488400000",  // 2021-2-28
    ".write": "now < 1614488400000",  // 2021-2-28
  }
}
[debug] [2021-02-17T16:43:24.311Z] [worker-~diagnostic~-e55633ce-4c35-4072-9788-a1aace801d7e]: IDLE {"metadata":{"emulator":{"name":"functions"},"message":"[worker-~diagnostic~-e55633ce-4c35-4072-9788-a1aace801d7e]: IDLE"}}
[debug] [2021-02-17T16:43:24.691Z] <<< HTTP RESPONSE 200 {"content-length":"15","content-type":"application/json; charset=utf-8","access-control-allow-origin":"*","cache-control":"no-cache","x-firebase-project-id":"cease-project-a8f4b","x-firebase-project-number":"123456789","x-firebase-uuid":"29fb8aed-a3af-465a-93ba-219e6b820694"}
[info] 
┌─────────────────────────────────────────────────────────────┐
│ ✔  All emulators ready! It is now safe to connect your app. │
│ i  View Emulator UI at http://localhost:4000                │
└─────────────────────────────────────────────────────────────┘

┌────────────────┬────────────────┬─────────────────────────────────┐
│ Emulator       │ Host:Port      │ View in Emulator UI             │
├────────────────┼────────────────┼─────────────────────────────────┤
│ Authentication │ localhost:9099 │ http://localhost:4000/auth      │
├────────────────┼────────────────┼─────────────────────────────────┤
│ Functions      │ localhost:5001 │ http://localhost:4000/functions │
├────────────────┼────────────────┼─────────────────────────────────┤
│ Firestore      │ localhost:8080 │ http://localhost:4000/firestore │
├────────────────┼────────────────┼─────────────────────────────────┤
│ Database       │ localhost:9000 │ http://localhost:4000/database  │
├────────────────┼────────────────┼─────────────────────────────────┤
│ Hosting        │ localhost:5000 │ n/a                             │
├────────────────┼────────────────┼─────────────────────────────────┤
│ Pub/Sub        │ localhost:8085 │ n/a                             │
└────────────────┴────────────────┴─────────────────────────────────┘
  Emulator Hub running at localhost:4400
  Other reserved ports: 4500

Issues? Report them at https://github.com/firebase/firebase-tools/issues and attach the *-debug.log files.
 
[info] i  hosting: 127.0.0.1 - - [17/Feb/2021:16:43:43 +0000] "GET /__/firebase/init.js HTTP/1.1" 200 - "http://localhost:5000/new%20login.html" "Mozilla/5.0 (X11; Linux x86_64) AppleWebKit/537.36 (KHTML, like Gecko) Chrome/87.0.4280.88 Safari/537.36" {"metadata":{"emulator":{"name":"hosting"},"message":"127.0.0.1 - - [17/Feb/2021:16:43:43 +0000] \"GET /__/firebase/init.js HTTP/1.1\" 200 - \"http://localhost:5000/new%20login.html\" \"Mozilla/5.0 (X11; Linux x86_64) AppleWebKit/537.36 (KHTML, like Gecko) Chrome/87.0.4280.88 Safari/537.36\""}}
[info] i  hosting: 127.0.0.1 - - [17/Feb/2021:16:43:43 +0000] "GET /backend/uid-storage.js HTTP/1.1" 200 1382 "http://localhost:5000/new%20login.html" "Mozilla/5.0 (X11; Linux x86_64) AppleWebKit/537.36 (KHTML, like Gecko) Chrome/87.0.4280.88 Safari/537.36" {"metadata":{"emulator":{"name":"hosting"},"message":"127.0.0.1 - - [17/Feb/2021:16:43:43 +0000] \"GET /backend/uid-storage.js HTTP/1.1\" 200 1382 \"http://localhost:5000/new%20login.html\" \"Mozilla/5.0 (X11; Linux x86_64) AppleWebKit/537.36 (KHTML, like Gecko) Chrome/87.0.4280.88 Safari/537.36\""}}
[debug] [2021-02-17T16:43:51.011Z] >>> [apiv2][query] GET https://www.gstatic.com/firebasejs/8.2.2/firebase-app.js.map [none]
[debug] [2021-02-17T16:43:51.014Z] >>> [apiv2][query] GET https://www.gstatic.com/firebasejs/8.2.2/firebase-auth.js.map [none]
[debug] [2021-02-17T16:43:51.015Z] >>> [apiv2][query] GET https://www.gstatic.com/firebasejs/8.2.2/firebase-database.js.map [none]
[debug] [2021-02-17T16:43:51.017Z] >>> [apiv2][query] GET https://www.gstatic.com/firebasejs/8.2.2/firebase-firestore.js.map [none]
[debug] [2021-02-17T16:43:51.018Z] >>> [apiv2][query] GET https://www.gstatic.com/firebasejs/8.2.2/firebase-analytics.js.map [none]
[debug] [2021-02-17T16:43:51.019Z] >>> [apiv2][query] GET https://www.gstatic.com/firebasejs/8.2.2/firebase-remote-config.js.map [none]
[debug] [2021-02-17T16:43:51.099Z] <<< [apiv2][status] GET https://www.gstatic.com/firebasejs/8.2.2/firebase-app.js.map 200
[debug] [2021-02-17T16:43:51.099Z] <<< [apiv2][body] GET https://www.gstatic.com/firebasejs/8.2.2/firebase-app.js.map [stream]
[debug] [2021-02-17T16:43:51.114Z] <<< [apiv2][status] GET https://www.gstatic.com/firebasejs/8.2.2/firebase-firestore.js.map 200
[debug] [2021-02-17T16:43:51.114Z] <<< [apiv2][body] GET https://www.gstatic.com/firebasejs/8.2.2/firebase-firestore.js.map [stream]
[debug] [2021-02-17T16:43:51.117Z] <<< [apiv2][status] GET https://www.gstatic.com/firebasejs/8.2.2/firebase-remote-config.js.map 200
[debug] [2021-02-17T16:43:51.117Z] <<< [apiv2][body] GET https://www.gstatic.com/firebasejs/8.2.2/firebase-remote-config.js.map [stream]
[debug] [2021-02-17T16:43:51.119Z] <<< [apiv2][status] GET https://www.gstatic.com/firebasejs/8.2.2/firebase-analytics.js.map 200
[debug] [2021-02-17T16:43:51.119Z] <<< [apiv2][body] GET https://www.gstatic.com/firebasejs/8.2.2/firebase-analytics.js.map [stream]
[debug] [2021-02-17T16:43:51.122Z] <<< [apiv2][status] GET https://www.gstatic.com/firebasejs/8.2.2/firebase-database.js.map 200
[debug] [2021-02-17T16:43:51.122Z] <<< [apiv2][body] GET https://www.gstatic.com/firebasejs/8.2.2/firebase-database.js.map [stream]
[debug] [2021-02-17T16:43:51.219Z] <<< [apiv2][status] GET https://www.gstatic.com/firebasejs/8.2.2/firebase-auth.js.map 200
[debug] [2021-02-17T16:43:51.219Z] <<< [apiv2][body] GET https://www.gstatic.com/firebasejs/8.2.2/firebase-auth.js.map [stream]
[info] i  hosting: 127.0.0.1 - - [17/Feb/2021:16:43:51 +0000] "GET /__/firebase/8.2.2/firebase-app.js.map HTTP/1.1" 200 105445 "-" "Mozilla/5.0 (X11; Linux x86_64) AppleWebKit/537.36 (KHTML, like Gecko) Chrome/87.0.4280.88 Safari/537.36" {"metadata":{"emulator":{"name":"hosting"},"message":"127.0.0.1 - - [17/Feb/2021:16:43:51 +0000] \"GET /__/firebase/8.2.2/firebase-app.js.map HTTP/1.1\" 200 105445 \"-\" \"Mozilla/5.0 (X11; Linux x86_64) AppleWebKit/537.36 (KHTML, like Gecko) Chrome/87.0.4280.88 Safari/537.36\""}}
[debug] [2021-02-17T16:43:51.359Z] >>> [apiv2][query] GET https://www.gstatic.com/firebasejs/8.2.2/firebase-functions.js.map [none]
[debug] [2021-02-17T16:43:51.433Z] <<< [apiv2][status] GET https://www.gstatic.com/firebasejs/8.2.2/firebase-functions.js.map 200
[debug] [2021-02-17T16:43:51.434Z] <<< [apiv2][body] GET https://www.gstatic.com/firebasejs/8.2.2/firebase-functions.js.map [stream]
[info] i  hosting: 127.0.0.1 - - [17/Feb/2021:16:43:51 +0000] "GET /__/firebase/8.2.2/firebase-analytics.js.map HTTP/1.1" 200 176193 "-" "Mozilla/5.0 (X11; Linux x86_64) AppleWebKit/537.36 (KHTML, like Gecko) Chrome/87.0.4280.88 Safari/537.36" {"metadata":{"emulator":{"name":"hosting"},"message":"127.0.0.1 - - [17/Feb/2021:16:43:51 +0000] \"GET /__/firebase/8.2.2/firebase-analytics.js.map HTTP/1.1\" 200 176193 \"-\" \"Mozilla/5.0 (X11; Linux x86_64) AppleWebKit/537.36 (KHTML, like Gecko) Chrome/87.0.4280.88 Safari/537.36\""}}
[info] i  hosting: 127.0.0.1 - - [17/Feb/2021:16:43:51 +0000] "GET /__/firebase/8.2.2/firebase-remote-config.js.map HTTP/1.1" 200 173862 "-" "Mozilla/5.0 (X11; Linux x86_64) AppleWebKit/537.36 (KHTML, like Gecko) Chrome/87.0.4280.88 Safari/537.36" {"metadata":{"emulator":{"name":"hosting"},"message":"127.0.0.1 - - [17/Feb/2021:16:43:51 +0000] \"GET /__/firebase/8.2.2/firebase-remote-config.js.map HTTP/1.1\" 200 173862 \"-\" \"Mozilla/5.0 (X11; Linux x86_64) AppleWebKit/537.36 (KHTML, like Gecko) Chrome/87.0.4280.88 Safari/537.36\""}}
[info] i  hosting: 127.0.0.1 - - [17/Feb/2021:16:43:51 +0000] "GET /__/firebase/8.2.2/firebase-functions.js.map HTTP/1.1" 200 52842 "-" "Mozilla/5.0 (X11; Linux x86_64) AppleWebKit/537.36 (KHTML, like Gecko) Chrome/87.0.4280.88 Safari/537.36" {"metadata":{"emulator":{"name":"hosting"},"message":"127.0.0.1 - - [17/Feb/2021:16:43:51 +0000] \"GET /__/firebase/8.2.2/firebase-functions.js.map HTTP/1.1\" 200 52842 \"-\" \"Mozilla/5.0 (X11; Linux x86_64) AppleWebKit/537.36 (KHTML, like Gecko) Chrome/87.0.4280.88 Safari/537.36\""}}
[info] i  hosting: 127.0.0.1 - - [17/Feb/2021:16:43:51 +0000] "GET /__/firebase/8.2.2/firebase-database.js.map HTTP/1.1" 200 924845 "-" "Mozilla/5.0 (X11; Linux x86_64) AppleWebKit/537.36 (KHTML, like Gecko) Chrome/87.0.4280.88 Safari/537.36" {"metadata":{"emulator":{"name":"hosting"},"message":"127.0.0.1 - - [17/Feb/2021:16:43:51 +0000] \"GET /__/firebase/8.2.2/firebase-database.js.map HTTP/1.1\" 200 924845 \"-\" \"Mozilla/5.0 (X11; Linux x86_64) AppleWebKit/537.36 (KHTML, like Gecko) Chrome/87.0.4280.88 Safari/537.36\""}}
[info] i  hosting: 127.0.0.1 - - [17/Feb/2021:16:43:52 +0000] "GET /__/firebase/8.2.2/firebase-auth.js.map HTTP/1.1" 200 2393971 "-" "Mozilla/5.0 (X11; Linux x86_64) AppleWebKit/537.36 (KHTML, like Gecko) Chrome/87.0.4280.88 Safari/537.36" {"metadata":{"emulator":{"name":"hosting"},"message":"127.0.0.1 - - [17/Feb/2021:16:43:52 +0000] \"GET /__/firebase/8.2.2/firebase-auth.js.map HTTP/1.1\" 200 2393971 \"-\" \"Mozilla/5.0 (X11; Linux x86_64) AppleWebKit/537.36 (KHTML, like Gecko) Chrome/87.0.4280.88 Safari/537.36\""}}
[info] i  hosting: 127.0.0.1 - - [17/Feb/2021:16:43:52 +0000] "GET /__/firebase/8.2.2/firebase-firestore.js.map HTTP/1.1" 200 2009431 "-" "Mozilla/5.0 (X11; Linux x86_64) AppleWebKit/537.36 (KHTML, like Gecko) Chrome/87.0.4280.88 Safari/537.36" {"metadata":{"emulator":{"name":"hosting"},"message":"127.0.0.1 - - [17/Feb/2021:16:43:52 +0000] \"GET /__/firebase/8.2.2/firebase-firestore.js.map HTTP/1.1\" 200 2009431 \"-\" \"Mozilla/5.0 (X11; Linux x86_64) AppleWebKit/537.36 (KHTML, like Gecko) Chrome/87.0.4280.88 Safari/537.36\""}}
[info] i  hosting: 127.0.0.1 - - [17/Feb/2021:16:43:58 +0000] "GET /new%20login.html HTTP/1.1" 200 2273 "http://localhost:5000/" "Mozilla/5.0 (X11; Linux x86_64) AppleWebKit/537.36 (KHTML, like Gecko) Chrome/87.0.4280.88 Safari/537.36" {"metadata":{"emulator":{"name":"hosting"},"message":"127.0.0.1 - - [17/Feb/2021:16:43:58 +0000] \"GET /new%20login.html HTTP/1.1\" 200 2273 \"http://localhost:5000/\" \"Mozilla/5.0 (X11; Linux x86_64) AppleWebKit/537.36 (KHTML, like Gecko) Chrome/87.0.4280.88 Safari/537.36\""}}
[info] i  hosting: 127.0.0.1 - - [17/Feb/2021:16:43:58 +0000] "GET /new%20login.css HTTP/1.1" 200 2389 "http://localhost:5000/new%20login.html" "Mozilla/5.0 (X11; Linux x86_64) AppleWebKit/537.36 (KHTML, like Gecko) Chrome/87.0.4280.88 Safari/537.36" {"metadata":{"emulator":{"name":"hosting"},"message":"127.0.0.1 - - [17/Feb/2021:16:43:58 +0000] \"GET /new%20login.css HTTP/1.1\" 200 2389 \"http://localhost:5000/new%20login.html\" \"Mozilla/5.0 (X11; Linux x86_64) AppleWebKit/537.36 (KHTML, like Gecko) Chrome/87.0.4280.88 Safari/537.36\""}}
[debug] [2021-02-17T16:43:58.338Z] >>> [apiv2][query] GET https://www.gstatic.com/firebasejs/8.2.2/firebase-app.js [none]
[debug] [2021-02-17T16:43:58.340Z] >>> [apiv2][query] GET https://www.gstatic.com/firebasejs/8.2.2/firebase-remote-config.js [none]
[debug] [2021-02-17T16:43:58.342Z] >>> [apiv2][query] GET https://www.gstatic.com/firebasejs/8.2.2/firebase-auth.js [none]
[debug] [2021-02-17T16:43:58.344Z] >>> [apiv2][query] GET https://www.gstatic.com/firebasejs/8.2.2/firebase-database.js [none]
[debug] [2021-02-17T16:43:58.346Z] >>> [apiv2][query] GET https://www.gstatic.com/firebasejs/8.2.2/firebase-firestore.js [none]
[debug] [2021-02-17T16:43:58.352Z] >>> [apiv2][query] GET https://www.gstatic.com/firebasejs/8.2.2/firebase-analytics.js [none]
[debug] [2021-02-17T16:43:58.373Z] <<< [apiv2][status] GET https://www.gstatic.com/firebasejs/8.2.2/firebase-app.js 200
[debug] [2021-02-17T16:43:58.373Z] <<< [apiv2][body] GET https://www.gstatic.com/firebasejs/8.2.2/firebase-app.js [stream]
[info] i  hosting: 127.0.0.1 - - [17/Feb/2021:16:43:58 +0000] "GET /__/firebase/8.2.2/firebase-app.js HTTP/1.1" 200 6546 "http://localhost:5000/new%20login.html" "Mozilla/5.0 (X11; Linux x86_64) AppleWebKit/537.36 (KHTML, like Gecko) Chrome/87.0.4280.88 Safari/537.36" {"metadata":{"emulator":{"name":"hosting"},"message":"127.0.0.1 - - [17/Feb/2021:16:43:58 +0000] \"GET /__/firebase/8.2.2/firebase-app.js HTTP/1.1\" 200 6546 \"http://localhost:5000/new%20login.html\" \"Mozilla/5.0 (X11; Linux x86_64) AppleWebKit/537.36 (KHTML, like Gecko) Chrome/87.0.4280.88 Safari/537.36\""}}
[info] i  hosting: 127.0.0.1 - - [17/Feb/2021:16:43:58 +0000] "GET /cease%20logo.png HTTP/1.1" 200 59106 "http://localhost:5000/new%20login.html" "Mozilla/5.0 (X11; Linux x86_64) AppleWebKit/537.36 (KHTML, like Gecko) Chrome/87.0.4280.88 Safari/537.36" {"metadata":{"emulator":{"name":"hosting"},"message":"127.0.0.1 - - [17/Feb/2021:16:43:58 +0000] \"GET /cease%20logo.png HTTP/1.1\" 200 59106 \"http://localhost:5000/new%20login.html\" \"Mozilla/5.0 (X11; Linux x86_64) AppleWebKit/537.36 (KHTML, like Gecko) Chrome/87.0.4280.88 Safari/537.36\""}}
[debug] [2021-02-17T16:43:58.383Z] <<< [apiv2][status] GET https://www.gstatic.com/firebasejs/8.2.2/firebase-remote-config.js 200
[debug] [2021-02-17T16:43:58.383Z] <<< [apiv2][body] GET https://www.gstatic.com/firebasejs/8.2.2/firebase-remote-config.js [stream]
[debug] [2021-02-17T16:43:58.386Z] >>> [apiv2][query] GET https://www.gstatic.com/firebasejs/8.2.2/firebase-functions.js [none]
[debug] [2021-02-17T16:43:58.392Z] <<< [apiv2][status] GET https://www.gstatic.com/firebasejs/8.2.2/firebase-firestore.js 200
[debug] [2021-02-17T16:43:58.392Z] <<< [apiv2][body] GET https://www.gstatic.com/firebasejs/8.2.2/firebase-firestore.js [stream]
[debug] [2021-02-17T16:43:58.394Z] <<< [apiv2][status] GET https://www.gstatic.com/firebasejs/8.2.2/firebase-analytics.js 200
[debug] [2021-02-17T16:43:58.394Z] <<< [apiv2][body] GET https://www.gstatic.com/firebasejs/8.2.2/firebase-analytics.js [stream]
[info] i  hosting: 127.0.0.1 - - [17/Feb/2021:16:43:58 +0000] "GET /__/firebase/8.2.2/firebase-analytics.js HTTP/1.1" 200 10765 "http://localhost:5000/new%20login.html" "Mozilla/5.0 (X11; Linux x86_64) AppleWebKit/537.36 (KHTML, like Gecko) Chrome/87.0.4280.88 Safari/537.36" {"metadata":{"emulator":{"name":"hosting"},"message":"127.0.0.1 - - [17/Feb/2021:16:43:58 +0000] \"GET /__/firebase/8.2.2/firebase-analytics.js HTTP/1.1\" 200 10765 \"http://localhost:5000/new%20login.html\" \"Mozilla/5.0 (X11; Linux x86_64) AppleWebKit/537.36 (KHTML, like Gecko) Chrome/87.0.4280.88 Safari/537.36\""}}
[debug] [2021-02-17T16:43:58.397Z] <<< [apiv2][status] GET https://www.gstatic.com/firebasejs/8.2.2/firebase-database.js 200
[debug] [2021-02-17T16:43:58.397Z] <<< [apiv2][body] GET https://www.gstatic.com/firebasejs/8.2.2/firebase-database.js [stream]
[debug] [2021-02-17T16:43:58.399Z] <<< [apiv2][status] GET https://www.gstatic.com/firebasejs/8.2.2/firebase-auth.js 200
[debug] [2021-02-17T16:43:58.400Z] <<< [apiv2][body] GET https://www.gstatic.com/firebasejs/8.2.2/firebase-auth.js [stream]
[info] i  hosting: 127.0.0.1 - - [17/Feb/2021:16:43:58 +0000] "GET /__/firebase/8.2.2/firebase-remote-config.js HTTP/1.1" 200 36826 "http://localhost:5000/new%20login.html" "Mozilla/5.0 (X11; Linux x86_64) AppleWebKit/537.36 (KHTML, like Gecko) Chrome/87.0.4280.88 Safari/537.36" {"metadata":{"emulator":{"name":"hosting"},"message":"127.0.0.1 - - [17/Feb/2021:16:43:58 +0000] \"GET /__/firebase/8.2.2/firebase-remote-config.js HTTP/1.1\" 200 36826 \"http://localhost:5000/new%20login.html\" \"Mozilla/5.0 (X11; Linux x86_64) AppleWebKit/537.36 (KHTML, like Gecko) Chrome/87.0.4280.88 Safari/537.36\""}}
[debug] [2021-02-17T16:43:58.421Z] >>> [apiv2][query] GET https://www.gstatic.com/firebasejs/8.2.2/firebase-app.js.map [none]
[info] i  hosting: 127.0.0.1 - - [17/Feb/2021:16:43:58 +0000] "GET /__/firebase/init.js HTTP/1.1" 200 - "http://localhost:5000/new%20login.html" "Mozilla/5.0 (X11; Linux x86_64) AppleWebKit/537.36 (KHTML, like Gecko) Chrome/87.0.4280.88 Safari/537.36" {"metadata":{"emulator":{"name":"hosting"},"message":"127.0.0.1 - - [17/Feb/2021:16:43:58 +0000] \"GET /__/firebase/init.js HTTP/1.1\" 200 - \"http://localhost:5000/new%20login.html\" \"Mozilla/5.0 (X11; Linux x86_64) AppleWebKit/537.36 (KHTML, like Gecko) Chrome/87.0.4280.88 Safari/537.36\""}}
[info] i  hosting: 127.0.0.1 - - [17/Feb/2021:16:43:58 +0000] "GET /backend/firebase.js HTTP/1.1" 200 324 "http://localhost:5000/new%20login.html" "Mozilla/5.0 (X11; Linux x86_64) AppleWebKit/537.36 (KHTML, like Gecko) Chrome/87.0.4280.88 Safari/537.36" {"metadata":{"emulator":{"name":"hosting"},"message":"127.0.0.1 - - [17/Feb/2021:16:43:58 +0000] \"GET /backend/firebase.js HTTP/1.1\" 200 324 \"http://localhost:5000/new%20login.html\" \"Mozilla/5.0 (X11; Linux x86_64) AppleWebKit/537.36 (KHTML, like Gecko) Chrome/87.0.4280.88 Safari/537.36\""}}
[info] i  hosting: 127.0.0.1 - - [17/Feb/2021:16:43:58 +0000] "GET /backend/uid-storage.js HTTP/1.1" 200 1382 "http://localhost:5000/new%20login.html" "Mozilla/5.0 (X11; Linux x86_64) AppleWebKit/537.36 (KHTML, like Gecko) Chrome/87.0.4280.88 Safari/537.36" {"metadata":{"emulator":{"name":"hosting"},"message":"127.0.0.1 - - [17/Feb/2021:16:43:58 +0000] \"GET /backend/uid-storage.js HTTP/1.1\" 200 1382 \"http://localhost:5000/new%20login.html\" \"Mozilla/5.0 (X11; Linux x86_64) AppleWebKit/537.36 (KHTML, like Gecko) Chrome/87.0.4280.88 Safari/537.36\""}}
[info] i  hosting: 127.0.0.1 - - [17/Feb/2021:16:43:58 +0000] "GET /new%20login.js HTTP/1.1" 200 815 "http://localhost:5000/new%20login.html" "Mozilla/5.0 (X11; Linux x86_64) AppleWebKit/537.36 (KHTML, like Gecko) Chrome/87.0.4280.88 Safari/537.36" {"metadata":{"emulator":{"name":"hosting"},"message":"127.0.0.1 - - [17/Feb/2021:16:43:58 +0000] \"GET /new%20login.js HTTP/1.1\" 200 815 \"http://localhost:5000/new%20login.html\" \"Mozilla/5.0 (X11; Linux x86_64) AppleWebKit/537.36 (KHTML, like Gecko) Chrome/87.0.4280.88 Safari/537.36\""}}
[info] i  hosting: 127.0.0.1 - - [17/Feb/2021:16:43:58 +0000] "GET /__/firebase/8.2.2/firebase-firestore.js HTTP/1.1" 200 86874 "http://localhost:5000/new%20login.html" "Mozilla/5.0 (X11; Linux x86_64) AppleWebKit/537.36 (KHTML, like Gecko) Chrome/87.0.4280.88 Safari/537.36" {"metadata":{"emulator":{"name":"hosting"},"message":"127.0.0.1 - - [17/Feb/2021:16:43:58 +0000] \"GET /__/firebase/8.2.2/firebase-firestore.js HTTP/1.1\" 200 86874 \"http://localhost:5000/new%20login.html\" \"Mozilla/5.0 (X11; Linux x86_64) AppleWebKit/537.36 (KHTML, like Gecko) Chrome/87.0.4280.88 Safari/537.36\""}}
[info] i  hosting: 127.0.0.1 - - [17/Feb/2021:16:43:58 +0000] "GET /__/firebase/8.2.2/firebase-database.js HTTP/1.1" 200 51318 "http://localhost:5000/new%20login.html" "Mozilla/5.0 (X11; Linux x86_64) AppleWebKit/537.36 (KHTML, like Gecko) Chrome/87.0.4280.88 Safari/537.36" {"metadata":{"emulator":{"name":"hosting"},"message":"127.0.0.1 - - [17/Feb/2021:16:43:58 +0000] \"GET /__/firebase/8.2.2/firebase-database.js HTTP/1.1\" 200 51318 \"http://localhost:5000/new%20login.html\" \"Mozilla/5.0 (X11; Linux x86_64) AppleWebKit/537.36 (KHTML, like Gecko) Chrome/87.0.4280.88 Safari/537.36\""}}
[info] i  hosting: 127.0.0.1 - - [17/Feb/2021:16:43:58 +0000] "GET /__/firebase/8.2.2/firebase-auth.js HTTP/1.1" 200 56660 "http://localhost:5000/new%20login.html" "Mozilla/5.0 (X11; Linux x86_64) AppleWebKit/537.36 (KHTML, like Gecko) Chrome/87.0.4280.88 Safari/537.36" {"metadata":{"emulator":{"name":"hosting"},"message":"127.0.0.1 - - [17/Feb/2021:16:43:58 +0000] \"GET /__/firebase/8.2.2/firebase-auth.js HTTP/1.1\" 200 56660 \"http://localhost:5000/new%20login.html\" \"Mozilla/5.0 (X11; Linux x86_64) AppleWebKit/537.36 (KHTML, like Gecko) Chrome/87.0.4280.88 Safari/537.36\""}}
[debug] [2021-02-17T16:43:58.463Z] <<< [apiv2][status] GET https://www.gstatic.com/firebasejs/8.2.2/firebase-functions.js 200
[debug] [2021-02-17T16:43:58.463Z] <<< [apiv2][body] GET https://www.gstatic.com/firebasejs/8.2.2/firebase-functions.js [stream]
[info] i  hosting: 127.0.0.1 - - [17/Feb/2021:16:43:58 +0000] "GET /__/firebase/8.2.2/firebase-functions.js HTTP/1.1" 200 3804 "http://localhost:5000/new%20login.html" "Mozilla/5.0 (X11; Linux x86_64) AppleWebKit/537.36 (KHTML, like Gecko) Chrome/87.0.4280.88 Safari/537.36" {"metadata":{"emulator":{"name":"hosting"},"message":"127.0.0.1 - - [17/Feb/2021:16:43:58 +0000] \"GET /__/firebase/8.2.2/firebase-functions.js HTTP/1.1\" 200 3804 \"http://localhost:5000/new%20login.html\" \"Mozilla/5.0 (X11; Linux x86_64) AppleWebKit/537.36 (KHTML, like Gecko) Chrome/87.0.4280.88 Safari/537.36\""}}
[debug] [2021-02-17T16:43:58.473Z] <<< [apiv2][status] GET https://www.gstatic.com/firebasejs/8.2.2/firebase-app.js.map 200
[debug] [2021-02-17T16:43:58.474Z] <<< [apiv2][body] GET https://www.gstatic.com/firebasejs/8.2.2/firebase-app.js.map [stream]
[debug] [2021-02-17T16:43:58.475Z] >>> [apiv2][query] GET https://www.gstatic.com/firebasejs/8.2.2/firebase-auth.js.map [none]
[debug] [2021-02-17T16:43:58.488Z] >>> [apiv2][query] GET https://www.gstatic.com/firebasejs/8.2.2/firebase-database.js.map [none]
[info] i  hosting: 127.0.0.1 - - [17/Feb/2021:16:43:58 +0000] "GET /__/firebase/8.2.2/firebase-app.js.map HTTP/1.1" 200 105445 "-" "Mozilla/5.0 (X11; Linux x86_64) AppleWebKit/537.36 (KHTML, like Gecko) Chrome/87.0.4280.88 Safari/537.36" {"metadata":{"emulator":{"name":"hosting"},"message":"127.0.0.1 - - [17/Feb/2021:16:43:58 +0000] \"GET /__/firebase/8.2.2/firebase-app.js.map HTTP/1.1\" 200 105445 \"-\" \"Mozilla/5.0 (X11; Linux x86_64) AppleWebKit/537.36 (KHTML, like Gecko) Chrome/87.0.4280.88 Safari/537.36\""}}
[debug] [2021-02-17T16:43:58.514Z] <<< [apiv2][status] GET https://www.gstatic.com/firebasejs/8.2.2/firebase-auth.js.map 200
[debug] [2021-02-17T16:43:58.514Z] <<< [apiv2][body] GET https://www.gstatic.com/firebasejs/8.2.2/firebase-auth.js.map [stream]
[debug] [2021-02-17T16:43:58.522Z] <<< [apiv2][status] GET https://www.gstatic.com/firebasejs/8.2.2/firebase-database.js.map 200
[debug] [2021-02-17T16:43:58.522Z] <<< [apiv2][body] GET https://www.gstatic.com/firebasejs/8.2.2/firebase-database.js.map [stream]
[debug] [2021-02-17T16:43:58.526Z] >>> [apiv2][query] GET https://www.gstatic.com/firebasejs/8.2.2/firebase-firestore.js.map [none]
[debug] [2021-02-17T16:43:58.529Z] >>> [apiv2][query] GET https://www.gstatic.com/firebasejs/8.2.2/firebase-analytics.js.map [none]
[debug] [2021-02-17T16:43:58.533Z] >>> [apiv2][query] GET https://www.gstatic.com/firebasejs/8.2.2/firebase-remote-config.js.map [none]
[debug] [2021-02-17T16:43:58.543Z] >>> [apiv2][query] GET https://www.gstatic.com/firebasejs/8.2.2/firebase-functions.js.map [none]
[debug] [2021-02-17T16:43:58.642Z] <<< [apiv2][status] GET https://www.gstatic.com/firebasejs/8.2.2/firebase-remote-config.js.map 200
[debug] [2021-02-17T16:43:58.642Z] <<< [apiv2][body] GET https://www.gstatic.com/firebasejs/8.2.2/firebase-remote-config.js.map [stream]
[debug] [2021-02-17T16:43:58.754Z] <<< [apiv2][status] GET https://www.gstatic.com/firebasejs/8.2.2/firebase-analytics.js.map 200
[debug] [2021-02-17T16:43:58.754Z] <<< [apiv2][body] GET https://www.gstatic.com/firebasejs/8.2.2/firebase-analytics.js.map [stream]
[debug] [2021-02-17T16:43:58.757Z] <<< [apiv2][status] GET https://www.gstatic.com/firebasejs/8.2.2/firebase-firestore.js.map 200
[debug] [2021-02-17T16:43:58.757Z] <<< [apiv2][body] GET https://www.gstatic.com/firebasejs/8.2.2/firebase-firestore.js.map [stream]
[debug] [2021-02-17T16:43:58.765Z] <<< [apiv2][status] GET https://www.gstatic.com/firebasejs/8.2.2/firebase-functions.js.map 200
[debug] [2021-02-17T16:43:58.765Z] <<< [apiv2][body] GET https://www.gstatic.com/firebasejs/8.2.2/firebase-functions.js.map [stream]
[info] i  hosting: 127.0.0.1 - - [17/Feb/2021:16:43:58 +0000] "GET /__/firebase/8.2.2/firebase-remote-config.js.map HTTP/1.1" 200 173862 "-" "Mozilla/5.0 (X11; Linux x86_64) AppleWebKit/537.36 (KHTML, like Gecko) Chrome/87.0.4280.88 Safari/537.36" {"metadata":{"emulator":{"name":"hosting"},"message":"127.0.0.1 - - [17/Feb/2021:16:43:58 +0000] \"GET /__/firebase/8.2.2/firebase-remote-config.js.map HTTP/1.1\" 200 173862 \"-\" \"Mozilla/5.0 (X11; Linux x86_64) AppleWebKit/537.36 (KHTML, like Gecko) Chrome/87.0.4280.88 Safari/537.36\""}}
[info] i  hosting: 127.0.0.1 - - [17/Feb/2021:16:43:58 +0000] "GET /__/firebase/8.2.2/firebase-functions.js.map HTTP/1.1" 200 52842 "-" "Mozilla/5.0 (X11; Linux x86_64) AppleWebKit/537.36 (KHTML, like Gecko) Chrome/87.0.4280.88 Safari/537.36" {"metadata":{"emulator":{"name":"hosting"},"message":"127.0.0.1 - - [17/Feb/2021:16:43:58 +0000] \"GET /__/firebase/8.2.2/firebase-functions.js.map HTTP/1.1\" 200 52842 \"-\" \"Mozilla/5.0 (X11; Linux x86_64) AppleWebKit/537.36 (KHTML, like Gecko) Chrome/87.0.4280.88 Safari/537.36\""}}
[info] i  hosting: 127.0.0.1 - - [17/Feb/2021:16:43:58 +0000] "GET /favicon.ico HTTP/1.1" 404 1808 "http://localhost:5000/new%20login.html" "Mozilla/5.0 (X11; Linux x86_64) AppleWebKit/537.36 (KHTML, like Gecko) Chrome/87.0.4280.88 Safari/537.36" {"metadata":{"emulator":{"name":"hosting"},"message":"127.0.0.1 - - [17/Feb/2021:16:43:58 +0000] \"GET /favicon.ico HTTP/1.1\" 404 1808 \"http://localhost:5000/new%20login.html\" \"Mozilla/5.0 (X11; Linux x86_64) AppleWebKit/537.36 (KHTML, like Gecko) Chrome/87.0.4280.88 Safari/537.36\""}}
[info] i  hosting: 127.0.0.1 - - [17/Feb/2021:16:43:58 +0000] "GET /__/firebase/8.2.2/firebase-analytics.js.map HTTP/1.1" 200 176193 "-" "Mozilla/5.0 (X11; Linux x86_64) AppleWebKit/537.36 (KHTML, like Gecko) Chrome/87.0.4280.88 Safari/537.36" {"metadata":{"emulator":{"name":"hosting"},"message":"127.0.0.1 - - [17/Feb/2021:16:43:58 +0000] \"GET /__/firebase/8.2.2/firebase-analytics.js.map HTTP/1.1\" 200 176193 \"-\" \"Mozilla/5.0 (X11; Linux x86_64) AppleWebKit/537.36 (KHTML, like Gecko) Chrome/87.0.4280.88 Safari/537.36\""}}
[info] i  hosting: 127.0.0.1 - - [17/Feb/2021:16:43:58 +0000] "GET /__/firebase/8.2.2/firebase-database.js.map HTTP/1.1" 200 924845 "-" "Mozilla/5.0 (X11; Linux x86_64) AppleWebKit/537.36 (KHTML, like Gecko) Chrome/87.0.4280.88 Safari/537.36" {"metadata":{"emulator":{"name":"hosting"},"message":"127.0.0.1 - - [17/Feb/2021:16:43:58 +0000] \"GET /__/firebase/8.2.2/firebase-database.js.map HTTP/1.1\" 200 924845 \"-\" \"Mozilla/5.0 (X11; Linux x86_64) AppleWebKit/537.36 (KHTML, like Gecko) Chrome/87.0.4280.88 Safari/537.36\""}}
[info] i  hosting: 127.0.0.1 - - [17/Feb/2021:16:43:59 +0000] "GET /__/firebase/8.2.2/firebase-auth.js.map HTTP/1.1" 200 2393971 "-" "Mozilla/5.0 (X11; Linux x86_64) AppleWebKit/537.36 (KHTML, like Gecko) Chrome/87.0.4280.88 Safari/537.36" {"metadata":{"emulator":{"name":"hosting"},"message":"127.0.0.1 - - [17/Feb/2021:16:43:59 +0000] \"GET /__/firebase/8.2.2/firebase-auth.js.map HTTP/1.1\" 200 2393971 \"-\" \"Mozilla/5.0 (X11; Linux x86_64) AppleWebKit/537.36 (KHTML, like Gecko) Chrome/87.0.4280.88 Safari/537.36\""}}
[info] i  hosting: 127.0.0.1 - - [17/Feb/2021:16:43:59 +0000] "GET /__/firebase/8.2.2/firebase-firestore.js.map HTTP/1.1" 200 2009431 "-" "Mozilla/5.0 (X11; Linux x86_64) AppleWebKit/537.36 (KHTML, like Gecko) Chrome/87.0.4280.88 Safari/537.36" {"metadata":{"emulator":{"name":"hosting"},"message":"127.0.0.1 - - [17/Feb/2021:16:43:59 +0000] \"GET /__/firebase/8.2.2/firebase-firestore.js.map HTTP/1.1\" 200 2009431 \"-\" \"Mozilla/5.0 (X11; Linux x86_64) AppleWebKit/537.36 (KHTML, like Gecko) Chrome/87.0.4280.88 Safari/537.36\""}}
[info] i  hosting: 127.0.0.1 - - [17/Feb/2021:16:45:39 +0000] "GET /new%20login.html HTTP/1.1" 200 2273 "http://localhost:5000/" "Mozilla/5.0 (X11; Linux x86_64) AppleWebKit/537.36 (KHTML, like Gecko) Chrome/87.0.4280.88 Safari/537.36" {"metadata":{"emulator":{"name":"hosting"},"message":"127.0.0.1 - - [17/Feb/2021:16:45:39 +0000] \"GET /new%20login.html HTTP/1.1\" 200 2273 \"http://localhost:5000/\" \"Mozilla/5.0 (X11; Linux x86_64) AppleWebKit/537.36 (KHTML, like Gecko) Chrome/87.0.4280.88 Safari/537.36\""}}
[debug] [2021-02-17T16:45:39.988Z] >>> [apiv2][query] GET https://www.gstatic.com/firebasejs/8.2.2/firebase-app.js [none]
[debug] [2021-02-17T16:45:39.991Z] >>> [apiv2][query] GET https://www.gstatic.com/firebasejs/8.2.2/firebase-auth.js [none]
[debug] [2021-02-17T16:45:39.993Z] >>> [apiv2][query] GET https://www.gstatic.com/firebasejs/8.2.2/firebase-database.js [none]
[debug] [2021-02-17T16:45:39.994Z] >>> [apiv2][query] GET https://www.gstatic.com/firebasejs/8.2.2/firebase-firestore.js [none]
[debug] [2021-02-17T16:45:39.996Z] >>> [apiv2][query] GET https://www.gstatic.com/firebasejs/8.2.2/firebase-analytics.js [none]
[info] i  hosting: 127.0.0.1 - - [17/Feb/2021:16:45:39 +0000] "GET /new%20login.css HTTP/1.1" 200 2389 "http://localhost:5000/new%20login.html" "Mozilla/5.0 (X11; Linux x86_64) AppleWebKit/537.36 (KHTML, like Gecko) Chrome/87.0.4280.88 Safari/537.36" {"metadata":{"emulator":{"name":"hosting"},"message":"127.0.0.1 - - [17/Feb/2021:16:45:39 +0000] \"GET /new%20login.css HTTP/1.1\" 200 2389 \"http://localhost:5000/new%20login.html\" \"Mozilla/5.0 (X11; Linux x86_64) AppleWebKit/537.36 (KHTML, like Gecko) Chrome/87.0.4280.88 Safari/537.36\""}}
[debug] [2021-02-17T16:45:40.008Z] >>> [apiv2][query] GET https://www.gstatic.com/firebasejs/8.2.2/firebase-remote-config.js [none]
[debug] [2021-02-17T16:45:40.025Z] <<< [apiv2][status] GET https://www.gstatic.com/firebasejs/8.2.2/firebase-app.js 200
[debug] [2021-02-17T16:45:40.025Z] <<< [apiv2][body] GET https://www.gstatic.com/firebasejs/8.2.2/firebase-app.js [stream]
[info] i  hosting: 127.0.0.1 - - [17/Feb/2021:16:45:40 +0000] "GET /__/firebase/8.2.2/firebase-app.js HTTP/1.1" 200 6546 "http://localhost:5000/new%20login.html" "Mozilla/5.0 (X11; Linux x86_64) AppleWebKit/537.36 (KHTML, like Gecko) Chrome/87.0.4280.88 Safari/537.36" {"metadata":{"emulator":{"name":"hosting"},"message":"127.0.0.1 - - [17/Feb/2021:16:45:40 +0000] \"GET /__/firebase/8.2.2/firebase-app.js HTTP/1.1\" 200 6546 \"http://localhost:5000/new%20login.html\" \"Mozilla/5.0 (X11; Linux x86_64) AppleWebKit/537.36 (KHTML, like Gecko) Chrome/87.0.4280.88 Safari/537.36\""}}
[debug] [2021-02-17T16:45:40.029Z] <<< [apiv2][status] GET https://www.gstatic.com/firebasejs/8.2.2/firebase-analytics.js 200
[debug] [2021-02-17T16:45:40.029Z] <<< [apiv2][body] GET https://www.gstatic.com/firebasejs/8.2.2/firebase-analytics.js [stream]
[info] i  hosting: 127.0.0.1 - - [17/Feb/2021:16:45:40 +0000] "GET /__/firebase/8.2.2/firebase-analytics.js HTTP/1.1" 200 10765 "http://localhost:5000/new%20login.html" "Mozilla/5.0 (X11; Linux x86_64) AppleWebKit/537.36 (KHTML, like Gecko) Chrome/87.0.4280.88 Safari/537.36" {"metadata":{"emulator":{"name":"hosting"},"message":"127.0.0.1 - - [17/Feb/2021:16:45:40 +0000] \"GET /__/firebase/8.2.2/firebase-analytics.js HTTP/1.1\" 200 10765 \"http://localhost:5000/new%20login.html\" \"Mozilla/5.0 (X11; Linux x86_64) AppleWebKit/537.36 (KHTML, like Gecko) Chrome/87.0.4280.88 Safari/537.36\""}}
[debug] [2021-02-17T16:45:40.032Z] >>> [apiv2][query] GET https://www.gstatic.com/firebasejs/8.2.2/firebase-functions.js [none]
[debug] [2021-02-17T16:45:40.035Z] <<< [apiv2][status] GET https://www.gstatic.com/firebasejs/8.2.2/firebase-database.js 200
[debug] [2021-02-17T16:45:40.035Z] <<< [apiv2][body] GET https://www.gstatic.com/firebasejs/8.2.2/firebase-database.js [stream]
[debug] [2021-02-17T16:45:40.038Z] <<< [apiv2][status] GET https://www.gstatic.com/firebasejs/8.2.2/firebase-auth.js 200
[debug] [2021-02-17T16:45:40.038Z] <<< [apiv2][body] GET https://www.gstatic.com/firebasejs/8.2.2/firebase-auth.js [stream]
[debug] [2021-02-17T16:45:40.041Z] <<< [apiv2][status] GET https://www.gstatic.com/firebasejs/8.2.2/firebase-firestore.js 200
[debug] [2021-02-17T16:45:40.041Z] <<< [apiv2][body] GET https://www.gstatic.com/firebasejs/8.2.2/firebase-firestore.js [stream]
[info] i  hosting: 127.0.0.1 - - [17/Feb/2021:16:45:40 +0000] "GET /__/firebase/init.js HTTP/1.1" 200 - "http://localhost:5000/new%20login.html" "Mozilla/5.0 (X11; Linux x86_64) AppleWebKit/537.36 (KHTML, like Gecko) Chrome/87.0.4280.88 Safari/537.36" {"metadata":{"emulator":{"name":"hosting"},"message":"127.0.0.1 - - [17/Feb/2021:16:45:40 +0000] \"GET /__/firebase/init.js HTTP/1.1\" 200 - \"http://localhost:5000/new%20login.html\" \"Mozilla/5.0 (X11; Linux x86_64) AppleWebKit/537.36 (KHTML, like Gecko) Chrome/87.0.4280.88 Safari/537.36\""}}
[info] i  hosting: 127.0.0.1 - - [17/Feb/2021:16:45:40 +0000] "GET /__/firebase/8.2.2/firebase-database.js HTTP/1.1" 200 51318 "http://localhost:5000/new%20login.html" "Mozilla/5.0 (X11; Linux x86_64) AppleWebKit/537.36 (KHTML, like Gecko) Chrome/87.0.4280.88 Safari/537.36" {"metadata":{"emulator":{"name":"hosting"},"message":"127.0.0.1 - - [17/Feb/2021:16:45:40 +0000] \"GET /__/firebase/8.2.2/firebase-database.js HTTP/1.1\" 200 51318 \"http://localhost:5000/new%20login.html\" \"Mozilla/5.0 (X11; Linux x86_64) AppleWebKit/537.36 (KHTML, like Gecko) Chrome/87.0.4280.88 Safari/537.36\""}}
[info] i  hosting: 127.0.0.1 - - [17/Feb/2021:16:45:40 +0000] "GET /__/firebase/8.2.2/firebase-auth.js HTTP/1.1" 200 56660 "http://localhost:5000/new%20login.html" "Mozilla/5.0 (X11; Linux x86_64) AppleWebKit/537.36 (KHTML, like Gecko) Chrome/87.0.4280.88 Safari/537.36" {"metadata":{"emulator":{"name":"hosting"},"message":"127.0.0.1 - - [17/Feb/2021:16:45:40 +0000] \"GET /__/firebase/8.2.2/firebase-auth.js HTTP/1.1\" 200 56660 \"http://localhost:5000/new%20login.html\" \"Mozilla/5.0 (X11; Linux x86_64) AppleWebKit/537.36 (KHTML, like Gecko) Chrome/87.0.4280.88 Safari/537.36\""}}
[debug] [2021-02-17T16:45:40.060Z] <<< [apiv2][status] GET https://www.gstatic.com/firebasejs/8.2.2/firebase-remote-config.js 200
[debug] [2021-02-17T16:45:40.060Z] <<< [apiv2][body] GET https://www.gstatic.com/firebasejs/8.2.2/firebase-remote-config.js [stream]
[info] i  hosting: 127.0.0.1 - - [17/Feb/2021:16:45:40 +0000] "GET /cease%20logo.png HTTP/1.1" 200 59106 "http://localhost:5000/new%20login.html" "Mozilla/5.0 (X11; Linux x86_64) AppleWebKit/537.36 (KHTML, like Gecko) Chrome/87.0.4280.88 Safari/537.36" {"metadata":{"emulator":{"name":"hosting"},"message":"127.0.0.1 - - [17/Feb/2021:16:45:40 +0000] \"GET /cease%20logo.png HTTP/1.1\" 200 59106 \"http://localhost:5000/new%20login.html\" \"Mozilla/5.0 (X11; Linux x86_64) AppleWebKit/537.36 (KHTML, like Gecko) Chrome/87.0.4280.88 Safari/537.36\""}}
[info] i  hosting: 127.0.0.1 - - [17/Feb/2021:16:45:40 +0000] "GET /backend/firebase.js HTTP/1.1" 200 324 "http://localhost:5000/new%20login.html" "Mozilla/5.0 (X11; Linux x86_64) AppleWebKit/537.36 (KHTML, like Gecko) Chrome/87.0.4280.88 Safari/537.36" {"metadata":{"emulator":{"name":"hosting"},"message":"127.0.0.1 - - [17/Feb/2021:16:45:40 +0000] \"GET /backend/firebase.js HTTP/1.1\" 200 324 \"http://localhost:5000/new%20login.html\" \"Mozilla/5.0 (X11; Linux x86_64) AppleWebKit/537.36 (KHTML, like Gecko) Chrome/87.0.4280.88 Safari/537.36\""}}
[info] i  hosting: 127.0.0.1 - - [17/Feb/2021:16:45:40 +0000] "GET /backend/uid-storage.js HTTP/1.1" 200 1387 "http://localhost:5000/new%20login.html" "Mozilla/5.0 (X11; Linux x86_64) AppleWebKit/537.36 (KHTML, like Gecko) Chrome/87.0.4280.88 Safari/537.36" {"metadata":{"emulator":{"name":"hosting"},"message":"127.0.0.1 - - [17/Feb/2021:16:45:40 +0000] \"GET /backend/uid-storage.js HTTP/1.1\" 200 1387 \"http://localhost:5000/new%20login.html\" \"Mozilla/5.0 (X11; Linux x86_64) AppleWebKit/537.36 (KHTML, like Gecko) Chrome/87.0.4280.88 Safari/537.36\""}}
[info] i  hosting: 127.0.0.1 - - [17/Feb/2021:16:45:40 +0000] "GET /new%20login.js HTTP/1.1" 200 815 "http://localhost:5000/new%20login.html" "Mozilla/5.0 (X11; Linux x86_64) AppleWebKit/537.36 (KHTML, like Gecko) Chrome/87.0.4280.88 Safari/537.36" {"metadata":{"emulator":{"name":"hosting"},"message":"127.0.0.1 - - [17/Feb/2021:16:45:40 +0000] \"GET /new%20login.js HTTP/1.1\" 200 815 \"http://localhost:5000/new%20login.html\" \"Mozilla/5.0 (X11; Linux x86_64) AppleWebKit/537.36 (KHTML, like Gecko) Chrome/87.0.4280.88 Safari/537.36\""}}
[info] i  hosting: 127.0.0.1 - - [17/Feb/2021:16:45:40 +0000] "GET /__/firebase/8.2.2/firebase-firestore.js HTTP/1.1" 200 86874 "http://localhost:5000/new%20login.html" "Mozilla/5.0 (X11; Linux x86_64) AppleWebKit/537.36 (KHTML, like Gecko) Chrome/87.0.4280.88 Safari/537.36" {"metadata":{"emulator":{"name":"hosting"},"message":"127.0.0.1 - - [17/Feb/2021:16:45:40 +0000] \"GET /__/firebase/8.2.2/firebase-firestore.js HTTP/1.1\" 200 86874 \"http://localhost:5000/new%20login.html\" \"Mozilla/5.0 (X11; Linux x86_64) AppleWebKit/537.36 (KHTML, like Gecko) Chrome/87.0.4280.88 Safari/537.36\""}}
[info] i  hosting: 127.0.0.1 - - [17/Feb/2021:16:45:40 +0000] "GET /__/firebase/8.2.2/firebase-remote-config.js HTTP/1.1" 200 36826 "http://localhost:5000/new%20login.html" "Mozilla/5.0 (X11; Linux x86_64) AppleWebKit/537.36 (KHTML, like Gecko) Chrome/87.0.4280.88 Safari/537.36" {"metadata":{"emulator":{"name":"hosting"},"message":"127.0.0.1 - - [17/Feb/2021:16:45:40 +0000] \"GET /__/firebase/8.2.2/firebase-remote-config.js HTTP/1.1\" 200 36826 \"http://localhost:5000/new%20login.html\" \"Mozilla/5.0 (X11; Linux x86_64) AppleWebKit/537.36 (KHTML, like Gecko) Chrome/87.0.4280.88 Safari/537.36\""}}
[debug] [2021-02-17T16:45:40.128Z] <<< [apiv2][status] GET https://www.gstatic.com/firebasejs/8.2.2/firebase-functions.js 200
[debug] [2021-02-17T16:45:40.128Z] <<< [apiv2][body] GET https://www.gstatic.com/firebasejs/8.2.2/firebase-functions.js [stream]
[info] i  hosting: 127.0.0.1 - - [17/Feb/2021:16:45:40 +0000] "GET /__/firebase/8.2.2/firebase-functions.js HTTP/1.1" 200 3804 "http://localhost:5000/new%20login.html" "Mozilla/5.0 (X11; Linux x86_64) AppleWebKit/537.36 (KHTML, like Gecko) Chrome/87.0.4280.88 Safari/537.36" {"metadata":{"emulator":{"name":"hosting"},"message":"127.0.0.1 - - [17/Feb/2021:16:45:40 +0000] \"GET /__/firebase/8.2.2/firebase-functions.js HTTP/1.1\" 200 3804 \"http://localhost:5000/new%20login.html\" \"Mozilla/5.0 (X11; Linux x86_64) AppleWebKit/537.36 (KHTML, like Gecko) Chrome/87.0.4280.88 Safari/537.36\""}}
[info] i  hosting: 127.0.0.1 - - [17/Feb/2021:16:45:40 +0000] "GET /favicon.ico HTTP/1.1" 404 1808 "http://localhost:5000/new%20login.html" "Mozilla/5.0 (X11; Linux x86_64) AppleWebKit/537.36 (KHTML, like Gecko) Chrome/87.0.4280.88 Safari/537.36" {"metadata":{"emulator":{"name":"hosting"},"message":"127.0.0.1 - - [17/Feb/2021:16:45:40 +0000] \"GET /favicon.ico HTTP/1.1\" 404 1808 \"http://localhost:5000/new%20login.html\" \"Mozilla/5.0 (X11; Linux x86_64) AppleWebKit/537.36 (KHTML, like Gecko) Chrome/87.0.4280.88 Safari/537.36\""}}
[debug] [2021-02-17T16:45:40.406Z] >>> [apiv2][query] GET https://www.gstatic.com/firebasejs/8.2.2/firebase-app.js.map [none]
[debug] [2021-02-17T16:45:40.412Z] >>> [apiv2][query] GET https://www.gstatic.com/firebasejs/8.2.2/firebase-auth.js.map [none]
[debug] [2021-02-17T16:45:40.416Z] >>> [apiv2][query] GET https://www.gstatic.com/firebasejs/8.2.2/firebase-database.js.map [none]
[debug] [2021-02-17T16:45:40.420Z] >>> [apiv2][query] GET https://www.gstatic.com/firebasejs/8.2.2/firebase-firestore.js.map [none]
[debug] [2021-02-17T16:45:40.422Z] >>> [apiv2][query] GET https://www.gstatic.com/firebasejs/8.2.2/firebase-analytics.js.map [none]
[debug] [2021-02-17T16:45:40.424Z] >>> [apiv2][query] GET https://www.gstatic.com/firebasejs/8.2.2/firebase-remote-config.js.map [none]
[debug] [2021-02-17T16:45:40.477Z] <<< [apiv2][status] GET https://www.gstatic.com/firebasejs/8.2.2/firebase-app.js.map 200
[debug] [2021-02-17T16:45:40.477Z] <<< [apiv2][body] GET https://www.gstatic.com/firebasejs/8.2.2/firebase-app.js.map [stream]
[debug] [2021-02-17T16:45:40.479Z] <<< [apiv2][status] GET https://www.gstatic.com/firebasejs/8.2.2/firebase-analytics.js.map 200
[debug] [2021-02-17T16:45:40.480Z] <<< [apiv2][body] GET https://www.gstatic.com/firebasejs/8.2.2/firebase-analytics.js.map [stream]
[debug] [2021-02-17T16:45:40.482Z] <<< [apiv2][status] GET https://www.gstatic.com/firebasejs/8.2.2/firebase-firestore.js.map 200
[debug] [2021-02-17T16:45:40.482Z] <<< [apiv2][body] GET https://www.gstatic.com/firebasejs/8.2.2/firebase-firestore.js.map [stream]
[debug] [2021-02-17T16:45:40.485Z] <<< [apiv2][status] GET https://www.gstatic.com/firebasejs/8.2.2/firebase-remote-config.js.map 200
[debug] [2021-02-17T16:45:40.486Z] <<< [apiv2][body] GET https://www.gstatic.com/firebasejs/8.2.2/firebase-remote-config.js.map [stream]
[debug] [2021-02-17T16:45:40.491Z] <<< [apiv2][status] GET https://www.gstatic.com/firebasejs/8.2.2/firebase-database.js.map 200
[debug] [2021-02-17T16:45:40.492Z] <<< [apiv2][body] GET https://www.gstatic.com/firebasejs/8.2.2/firebase-database.js.map [stream]
[debug] [2021-02-17T16:45:40.494Z] <<< [apiv2][status] GET https://www.gstatic.com/firebasejs/8.2.2/firebase-auth.js.map 200
[debug] [2021-02-17T16:45:40.494Z] <<< [apiv2][body] GET https://www.gstatic.com/firebasejs/8.2.2/firebase-auth.js.map [stream]
[info] i  hosting: 127.0.0.1 - - [17/Feb/2021:16:45:40 +0000] "GET /__/firebase/8.2.2/firebase-app.js.map HTTP/1.1" 200 105445 "-" "Mozilla/5.0 (X11; Linux x86_64) AppleWebKit/537.36 (KHTML, like Gecko) Chrome/87.0.4280.88 Safari/537.36" {"metadata":{"emulator":{"name":"hosting"},"message":"127.0.0.1 - - [17/Feb/2021:16:45:40 +0000] \"GET /__/firebase/8.2.2/firebase-app.js.map HTTP/1.1\" 200 105445 \"-\" \"Mozilla/5.0 (X11; Linux x86_64) AppleWebKit/537.36 (KHTML, like Gecko) Chrome/87.0.4280.88 Safari/537.36\""}}
[debug] [2021-02-17T16:45:40.563Z] >>> [apiv2][query] GET https://www.gstatic.com/firebasejs/8.2.2/firebase-functions.js.map [none]
[info] i  hosting: 127.0.0.1 - - [17/Feb/2021:16:45:40 +0000] "GET /__/firebase/8.2.2/firebase-analytics.js.map HTTP/1.1" 200 176193 "-" "Mozilla/5.0 (X11; Linux x86_64) AppleWebKit/537.36 (KHTML, like Gecko) Chrome/87.0.4280.88 Safari/537.36" {"metadata":{"emulator":{"name":"hosting"},"message":"127.0.0.1 - - [17/Feb/2021:16:45:40 +0000] \"GET /__/firebase/8.2.2/firebase-analytics.js.map HTTP/1.1\" 200 176193 \"-\" \"Mozilla/5.0 (X11; Linux x86_64) AppleWebKit/537.36 (KHTML, like Gecko) Chrome/87.0.4280.88 Safari/537.36\""}}
[info] i  hosting: 127.0.0.1 - - [17/Feb/2021:16:45:40 +0000] "GET /__/firebase/8.2.2/firebase-remote-config.js.map HTTP/1.1" 200 173862 "-" "Mozilla/5.0 (X11; Linux x86_64) AppleWebKit/537.36 (KHTML, like Gecko) Chrome/87.0.4280.88 Safari/537.36" {"metadata":{"emulator":{"name":"hosting"},"message":"127.0.0.1 - - [17/Feb/2021:16:45:40 +0000] \"GET /__/firebase/8.2.2/firebase-remote-config.js.map HTTP/1.1\" 200 173862 \"-\" \"Mozilla/5.0 (X11; Linux x86_64) AppleWebKit/537.36 (KHTML, like Gecko) Chrome/87.0.4280.88 Safari/537.36\""}}
[debug] [2021-02-17T16:45:40.737Z] <<< [apiv2][status] GET https://www.gstatic.com/firebasejs/8.2.2/firebase-functions.js.map 200
[debug] [2021-02-17T16:45:40.737Z] <<< [apiv2][body] GET https://www.gstatic.com/firebasejs/8.2.2/firebase-functions.js.map [stream]
[info] i  hosting: 127.0.0.1 - - [17/Feb/2021:16:45:40 +0000] "GET /__/firebase/8.2.2/firebase-functions.js.map HTTP/1.1" 200 52842 "-" "Mozilla/5.0 (X11; Linux x86_64) AppleWebKit/537.36 (KHTML, like Gecko) Chrome/87.0.4280.88 Safari/537.36" {"metadata":{"emulator":{"name":"hosting"},"message":"127.0.0.1 - - [17/Feb/2021:16:45:40 +0000] \"GET /__/firebase/8.2.2/firebase-functions.js.map HTTP/1.1\" 200 52842 \"-\" \"Mozilla/5.0 (X11; Linux x86_64) AppleWebKit/537.36 (KHTML, like Gecko) Chrome/87.0.4280.88 Safari/537.36\""}}
[info] i  hosting: 127.0.0.1 - - [17/Feb/2021:16:45:42 +0000] "GET /__/firebase/8.2.2/firebase-database.js.map HTTP/1.1" 200 924845 "-" "Mozilla/5.0 (X11; Linux x86_64) AppleWebKit/537.36 (KHTML, like Gecko) Chrome/87.0.4280.88 Safari/537.36" {"metadata":{"emulator":{"name":"hosting"},"message":"127.0.0.1 - - [17/Feb/2021:16:45:42 +0000] \"GET /__/firebase/8.2.2/firebase-database.js.map HTTP/1.1\" 200 924845 \"-\" \"Mozilla/5.0 (X11; Linux x86_64) AppleWebKit/537.36 (KHTML, like Gecko) Chrome/87.0.4280.88 Safari/537.36\""}}
[info] i  hosting: 127.0.0.1 - - [17/Feb/2021:16:45:42 +0000] "GET /__/firebase/8.2.2/firebase-firestore.js.map HTTP/1.1" 200 2009431 "-" "Mozilla/5.0 (X11; Linux x86_64) AppleWebKit/537.36 (KHTML, like Gecko) Chrome/87.0.4280.88 Safari/537.36" {"metadata":{"emulator":{"name":"hosting"},"message":"127.0.0.1 - - [17/Feb/2021:16:45:42 +0000] \"GET /__/firebase/8.2.2/firebase-firestore.js.map HTTP/1.1\" 200 2009431 \"-\" \"Mozilla/5.0 (X11; Linux x86_64) AppleWebKit/537.36 (KHTML, like Gecko) Chrome/87.0.4280.88 Safari/537.36\""}}
[info] i  hosting: 127.0.0.1 - - [17/Feb/2021:16:45:42 +0000] "GET /__/firebase/8.2.2/firebase-auth.js.map HTTP/1.1" 200 2393971 "-" "Mozilla/5.0 (X11; Linux x86_64) AppleWebKit/537.36 (KHTML, like Gecko) Chrome/87.0.4280.88 Safari/537.36" {"metadata":{"emulator":{"name":"hosting"},"message":"127.0.0.1 - - [17/Feb/2021:16:45:42 +0000] \"GET /__/firebase/8.2.2/firebase-auth.js.map HTTP/1.1\" 200 2393971 \"-\" \"Mozilla/5.0 (X11; Linux x86_64) AppleWebKit/537.36 (KHTML, like Gecko) Chrome/87.0.4280.88 Safari/537.36\""}}
[info] i  hosting: 127.0.0.1 - - [17/Feb/2021:16:46:02 +0000] "GET /profile%20page.html HTTP/1.1" 200 6405 "http://localhost:5000/new%20login.html" "Mozilla/5.0 (X11; Linux x86_64) AppleWebKit/537.36 (KHTML, like Gecko) Chrome/87.0.4280.88 Safari/537.36" {"metadata":{"emulator":{"name":"hosting"},"message":"127.0.0.1 - - [17/Feb/2021:16:46:02 +0000] \"GET /profile%20page.html HTTP/1.1\" 200 6405 \"http://localhost:5000/new%20login.html\" \"Mozilla/5.0 (X11; Linux x86_64) AppleWebKit/537.36 (KHTML, like Gecko) Chrome/87.0.4280.88 Safari/537.36\""}}
[info] i  hosting: 127.0.0.1 - - [17/Feb/2021:16:46:02 +0000] "GET /__/firebase/init.js HTTP/1.1" 200 - "http://localhost:5000/profile%20page.html" "Mozilla/5.0 (X11; Linux x86_64) AppleWebKit/537.36 (KHTML, like Gecko) Chrome/87.0.4280.88 Safari/537.36" {"metadata":{"emulator":{"name":"hosting"},"message":"127.0.0.1 - - [17/Feb/2021:16:46:02 +0000] \"GET /__/firebase/init.js HTTP/1.1\" 200 - \"http://localhost:5000/profile%20page.html\" \"Mozilla/5.0 (X11; Linux x86_64) AppleWebKit/537.36 (KHTML, like Gecko) Chrome/87.0.4280.88 Safari/537.36\""}}
[info] i  hosting: 127.0.0.1 - - [17/Feb/2021:16:46:02 +0000] "GET /backend/profile-auth.js HTTP/1.1" 200 2532 "http://localhost:5000/profile%20page.html" "Mozilla/5.0 (X11; Linux x86_64) AppleWebKit/537.36 (KHTML, like Gecko) Chrome/87.0.4280.88 Safari/537.36" {"metadata":{"emulator":{"name":"hosting"},"message":"127.0.0.1 - - [17/Feb/2021:16:46:02 +0000] \"GET /backend/profile-auth.js HTTP/1.1\" 200 2532 \"http://localhost:5000/profile%20page.html\" \"Mozilla/5.0 (X11; Linux x86_64) AppleWebKit/537.36 (KHTML, like Gecko) Chrome/87.0.4280.88 Safari/537.36\""}}
[debug] [2021-02-17T16:46:02.824Z] >>> [apiv2][query] GET https://www.gstatic.com/firebasejs/8.2.2/firebase-app.js.map [none]
[debug] [2021-02-17T16:46:02.827Z] >>> [apiv2][query] GET https://www.gstatic.com/firebasejs/8.2.2/firebase-auth.js.map [none]
[debug] [2021-02-17T16:46:02.828Z] >>> [apiv2][query] GET https://www.gstatic.com/firebasejs/8.2.2/firebase-database.js.map [none]
[debug] [2021-02-17T16:46:02.831Z] >>> [apiv2][query] GET https://www.gstatic.com/firebasejs/8.2.2/firebase-firestore.js.map [none]
[debug] [2021-02-17T16:46:02.832Z] >>> [apiv2][query] GET https://www.gstatic.com/firebasejs/8.2.2/firebase-analytics.js.map [none]
[debug] [2021-02-17T16:46:02.834Z] >>> [apiv2][query] GET https://www.gstatic.com/firebasejs/8.2.2/firebase-functions.js.map [none]
[debug] [2021-02-17T16:46:02.891Z] <<< [apiv2][status] GET https://www.gstatic.com/firebasejs/8.2.2/firebase-analytics.js.map 200
[debug] [2021-02-17T16:46:02.892Z] <<< [apiv2][body] GET https://www.gstatic.com/firebasejs/8.2.2/firebase-analytics.js.map [stream]
[debug] [2021-02-17T16:46:02.967Z] <<< [apiv2][status] GET https://www.gstatic.com/firebasejs/8.2.2/firebase-firestore.js.map 200
[debug] [2021-02-17T16:46:02.967Z] <<< [apiv2][body] GET https://www.gstatic.com/firebasejs/8.2.2/firebase-firestore.js.map [stream]
[debug] [2021-02-17T16:46:02.970Z] <<< [apiv2][status] GET https://www.gstatic.com/firebasejs/8.2.2/firebase-app.js.map 200
[debug] [2021-02-17T16:46:02.970Z] <<< [apiv2][body] GET https://www.gstatic.com/firebasejs/8.2.2/firebase-app.js.map [stream]
[debug] [2021-02-17T16:46:02.973Z] <<< [apiv2][status] GET https://www.gstatic.com/firebasejs/8.2.2/firebase-database.js.map 200
[debug] [2021-02-17T16:46:02.974Z] <<< [apiv2][body] GET https://www.gstatic.com/firebasejs/8.2.2/firebase-database.js.map [stream]
[debug] [2021-02-17T16:46:02.975Z] <<< [apiv2][status] GET https://www.gstatic.com/firebasejs/8.2.2/firebase-auth.js.map 200
[debug] [2021-02-17T16:46:02.975Z] <<< [apiv2][body] GET https://www.gstatic.com/firebasejs/8.2.2/firebase-auth.js.map [stream]
[info] i  hosting: 127.0.0.1 - - [17/Feb/2021:16:46:02 +0000] "GET /__/firebase/8.2.2/firebase-analytics.js.map HTTP/1.1" 200 176193 "-" "Mozilla/5.0 (X11; Linux x86_64) AppleWebKit/537.36 (KHTML, like Gecko) Chrome/87.0.4280.88 Safari/537.36" {"metadata":{"emulator":{"name":"hosting"},"message":"127.0.0.1 - - [17/Feb/2021:16:46:02 +0000] \"GET /__/firebase/8.2.2/firebase-analytics.js.map HTTP/1.1\" 200 176193 \"-\" \"Mozilla/5.0 (X11; Linux x86_64) AppleWebKit/537.36 (KHTML, like Gecko) Chrome/87.0.4280.88 Safari/537.36\""}}
[debug] [2021-02-17T16:46:03.027Z] <<< [apiv2][status] GET https://www.gstatic.com/firebasejs/8.2.2/firebase-functions.js.map 200
[debug] [2021-02-17T16:46:03.027Z] <<< [apiv2][body] GET https://www.gstatic.com/firebasejs/8.2.2/firebase-functions.js.map [stream]
[info] i  hosting: 127.0.0.1 - - [17/Feb/2021:16:46:03 +0000] "GET /__/firebase/8.2.2/firebase-app.js.map HTTP/1.1" 200 105445 "-" "Mozilla/5.0 (X11; Linux x86_64) AppleWebKit/537.36 (KHTML, like Gecko) Chrome/87.0.4280.88 Safari/537.36" {"metadata":{"emulator":{"name":"hosting"},"message":"127.0.0.1 - - [17/Feb/2021:16:46:03 +0000] \"GET /__/firebase/8.2.2/firebase-app.js.map HTTP/1.1\" 200 105445 \"-\" \"Mozilla/5.0 (X11; Linux x86_64) AppleWebKit/537.36 (KHTML, like Gecko) Chrome/87.0.4280.88 Safari/537.36\""}}
[info] i  hosting: 127.0.0.1 - - [17/Feb/2021:16:46:03 +0000] "GET /__/firebase/8.2.2/firebase-functions.js.map HTTP/1.1" 200 52842 "-" "Mozilla/5.0 (X11; Linux x86_64) AppleWebKit/537.36 (KHTML, like Gecko) Chrome/87.0.4280.88 Safari/537.36" {"metadata":{"emulator":{"name":"hosting"},"message":"127.0.0.1 - - [17/Feb/2021:16:46:03 +0000] \"GET /__/firebase/8.2.2/firebase-functions.js.map HTTP/1.1\" 200 52842 \"-\" \"Mozilla/5.0 (X11; Linux x86_64) AppleWebKit/537.36 (KHTML, like Gecko) Chrome/87.0.4280.88 Safari/537.36\""}}
[info] i  hosting: 127.0.0.1 - - [17/Feb/2021:16:46:03 +0000] "GET /__/firebase/8.2.2/firebase-database.js.map HTTP/1.1" 200 924845 "-" "Mozilla/5.0 (X11; Linux x86_64) AppleWebKit/537.36 (KHTML, like Gecko) Chrome/87.0.4280.88 Safari/537.36" {"metadata":{"emulator":{"name":"hosting"},"message":"127.0.0.1 - - [17/Feb/2021:16:46:03 +0000] \"GET /__/firebase/8.2.2/firebase-database.js.map HTTP/1.1\" 200 924845 \"-\" \"Mozilla/5.0 (X11; Linux x86_64) AppleWebKit/537.36 (KHTML, like Gecko) Chrome/87.0.4280.88 Safari/537.36\""}}
[info] i  hosting: 127.0.0.1 - - [17/Feb/2021:16:46:03 +0000] "GET /__/firebase/8.2.2/firebase-auth.js.map HTTP/1.1" 200 2393971 "-" "Mozilla/5.0 (X11; Linux x86_64) AppleWebKit/537.36 (KHTML, like Gecko) Chrome/87.0.4280.88 Safari/537.36" {"metadata":{"emulator":{"name":"hosting"},"message":"127.0.0.1 - - [17/Feb/2021:16:46:03 +0000] \"GET /__/firebase/8.2.2/firebase-auth.js.map HTTP/1.1\" 200 2393971 \"-\" \"Mozilla/5.0 (X11; Linux x86_64) AppleWebKit/537.36 (KHTML, like Gecko) Chrome/87.0.4280.88 Safari/537.36\""}}
[info] i  hosting: 127.0.0.1 - - [17/Feb/2021:16:46:03 +0000] "GET /__/firebase/8.2.2/firebase-firestore.js.map HTTP/1.1" 200 2009431 "-" "Mozilla/5.0 (X11; Linux x86_64) AppleWebKit/537.36 (KHTML, like Gecko) Chrome/87.0.4280.88 Safari/537.36" {"metadata":{"emulator":{"name":"hosting"},"message":"127.0.0.1 - - [17/Feb/2021:16:46:03 +0000] \"GET /__/firebase/8.2.2/firebase-firestore.js.map HTTP/1.1\" 200 2009431 \"-\" \"Mozilla/5.0 (X11; Linux x86_64) AppleWebKit/537.36 (KHTML, like Gecko) Chrome/87.0.4280.88 Safari/537.36\""}}
[info] i  hosting: 127.0.0.1 - - [17/Feb/2021:16:49:20 +0000] "GET /css/introjs.css HTTP/1.1" 404 1808 "http://localhost:5000/modulesurvey.html" "Mozilla/5.0 (X11; Linux x86_64) AppleWebKit/537.36 (KHTML, like Gecko) Chrome/87.0.4280.88 Safari/537.36" {"metadata":{"emulator":{"name":"hosting"},"message":"127.0.0.1 - - [17/Feb/2021:16:49:20 +0000] \"GET /css/introjs.css HTTP/1.1\" 404 1808 \"http://localhost:5000/modulesurvey.html\" \"Mozilla/5.0 (X11; Linux x86_64) AppleWebKit/537.36 (KHTML, like Gecko) Chrome/87.0.4280.88 Safari/537.36\""}}
[info] i  hosting: 127.0.0.1 - - [17/Feb/2021:16:49:20 +0000] "GET /css/introjs.css HTTP/1.1" 404 1808 "http://localhost:5000/modulesurvey.html" "Mozilla/5.0 (X11; Linux x86_64) AppleWebKit/537.36 (KHTML, like Gecko) Chrome/87.0.4280.88 Safari/537.36" {"metadata":{"emulator":{"name":"hosting"},"message":"127.0.0.1 - - [17/Feb/2021:16:49:20 +0000] \"GET /css/introjs.css HTTP/1.1\" 404 1808 \"http://localhost:5000/modulesurvey.html\" \"Mozilla/5.0 (X11; Linux x86_64) AppleWebKit/537.36 (KHTML, like Gecko) Chrome/87.0.4280.88 Safari/537.36\""}}
